This is LuaHBTeX, Version 1.17.0 (TeX Live 2023)  (format=lualatex 2023.10.14)  20 OCT 2023 00:22
 system commands enabled.
**LabWork.tex
(./LabWork.tex
LaTeX2e <2023-06-01> patch level 1
L3 programming layer <2023-10-10>
Lua module: luaotfload 2023-08-31 3.26 Lua based OpenType font support
Lua module: lualibs 2023-07-13 2.76 ConTeXt Lua standard libraries.
Lua module: lualibs-extended 2023-07-13 2.76 ConTeXt Lua libraries -- extended c
ollection.
luaotfload | conf : Root cache directory is "d:/Programs/LaTeX/TeXLive/2023/texm
f-var/luatex-cache/generic/names".
luaotfload | init : Loading fontloader "fontloader-2023-08-19.lua" from kpse-res
olved path "d:/Programs/LaTeX/TeXLive/2023/texmf-dist/tex/luatex/luaotfload/font
loader-2023-08-19.lua".
Lua-only attribute luaotfload@noligature = 1
luaotfload | init : Context OpenType loader version 3.133
Inserting `luaotfload.node_processor' in `pre_linebreak_filter'.
Inserting `luaotfload.node_processor' in `hpack_filter'.
Inserting `luaotfload.glyph_stream' in `glyph_stream_provider'.
Inserting `luaotfload.define_font' in `define_font'.
Lua-only attribute luaotfload_color_attribute = 2
luaotfload | conf : Root cache directory is "d:/Programs/LaTeX/TeXLive/2023/texm
f-var/luatex-cache/generic/names".
Inserting `luaotfload.harf.strip_prefix' in `find_opentype_file'.
Inserting `luaotfload.harf.strip_prefix' in `find_truetype_file'.
Removing  `luaotfload.glyph_stream' from `glyph_stream_provider'.
Inserting `luaotfload.harf.glyphstream' in `glyph_stream_provider'.
Inserting `luaotfload.harf.finalize_vlist' in `post_linebreak_filter'.
Inserting `luaotfload.harf.finalize_hlist' in `hpack_filter'.
Inserting `luaotfload.cleanup_files' in `wrapup_run'.
Inserting `luaotfload.harf.finalize_unicode' in `finish_pdffile'.
Inserting `luaotfload.glyphinfo' in `glyph_info'.
Lua-only attribute luaotfload.letterspace_done = 3
Inserting `luaotfload.aux.set_sscale_dimens' in `luaotfload.patch_font'.
Inserting `luaotfload.aux.set_font_index' in `luaotfload.patch_font'.
Inserting `luaotfload.aux.patch_cambria_domh' in `luaotfload.patch_font'.
Inserting `luaotfload.aux.fixup_fontdata' in `luaotfload.patch_font_unsafe'.
Inserting `luaotfload.aux.set_capheight' in `luaotfload.patch_font'.
Inserting `luaotfload.aux.set_xheight' in `luaotfload.patch_font'.
Inserting `luaotfload.rewrite_fontname' in `luaotfload.patch_font'.
Inserting `tracingstacklevels' in `input_level_string'. (d:/Projects/LaTeX/MyPa
ckage/tex/latex/misc/LabBook.cls
Document Class: LabBook 2018/01/21
(d:/Programs/LaTeX/TeXLive/2023/texmf-dist/tex/latex/extsizes/extbook.cls
Document Class: extbook 1999/01/07 v1.4a NON-Standard LaTeX document class
(d:/Programs/LaTeX/TeXLive/2023/texmf-dist/tex/latex/extsizes/size14.clo
File: size14.clo 1999/11/11 v1.4a NON-Standard LaTeX file (size option)
luaotfload | db : Font names database loaded from d:/Programs/LaTeX/TeXLive/2023
/texmf-var/luatex-cache/generic/names/luaotfload-names.luc.gz)
(d:/Programs/LaTeX/TeXLive/2023/texmf-dist/tex/latex/base/exscale.sty
Package: exscale 2018/09/24 v2.1i Standard LaTeX package exscale
LaTeX Font Info:    Redeclaring symbol font `largesymbols' on input line 57.
LaTeX Font Info:    Overwriting symbol font `largesymbols' in version `normal'
(Font)                  OMX/cmex/m/n --> OMX/cmex/m/n on input line 57.
LaTeX Font Info:    Overwriting symbol font `largesymbols' in version `bold'
(Font)                  OMX/cmex/m/n --> OMX/cmex/m/n on input line 57.
\big@size=\dimen139
)
\c@part=\count183
\c@chapter=\count184
\c@section=\count185
\c@subsection=\count186
\c@subsubsection=\count187
\c@paragraph=\count188
\c@subparagraph=\count189
\c@figure=\count190
\c@table=\count191
\abovecaptionskip=\skip48
\belowcaptionskip=\skip49
\bibindent=\dimen140
)
\topspace=\skip50

(d:/Programs/LaTeX/TeXLive/2023/texmf-dist/tex/latex/geometry/geometry.sty
Package: geometry 2020/01/02 v5.9 Page Geometry

(d:/Programs/LaTeX/TeXLive/2023/texmf-dist/tex/latex/graphics/keyval.sty
Package: keyval 2022/05/29 v1.15 key=value parser (DPC)
\KV@toks@=\toks17
)
(d:/Programs/LaTeX/TeXLive/2023/texmf-dist/tex/generic/iftex/ifvtex.sty
Package: ifvtex 2019/10/25 v1.7 ifvtex legacy package. Use iftex instead.

(d:/Programs/LaTeX/TeXLive/2023/texmf-dist/tex/generic/iftex/iftex.sty
Package: iftex 2022/02/03 v1.0f TeX engine tests
))
\Gm@cnth=\count192
\Gm@cntv=\count193
\c@Gm@tempcnt=\count194
\Gm@bindingoffset=\dimen141
\Gm@wd@mp=\dimen142
\Gm@odd@mp=\dimen143
\Gm@even@mp=\dimen144
\Gm@layoutwidth=\dimen145
\Gm@layoutheight=\dimen146
\Gm@layouthoffset=\dimen147
\Gm@layoutvoffset=\dimen148
\Gm@dimlist=\toks18
)
(d:/Programs/LaTeX/TeXLive/2023/texmf-dist/tex/generic/iftex/ifluatex.sty
Package: ifluatex 2019/10/25 v1.5 ifluatex legacy package. Use iftex instead.
)
(d:/Programs/LaTeX/TeXLive/2023/texmf-dist/tex/generic/iftex/ifxetex.sty
Package: ifxetex 2019/10/25 v0.7 ifxetex legacy package. Use iftex instead.
)
(d:/Programs/LaTeX/TeXLive/2023/texmf-dist/tex/latex/fontspec/fontspec.sty
(d:/Programs/LaTeX/TeXLive/2023/texmf-dist/tex/latex/l3packages/xparse/xparse.s
ty (d:/Programs/LaTeX/TeXLive/2023/texmf-dist/tex/latex/l3kernel/expl3.sty
Package: expl3 2023-10-10 L3 programming layer (loader) 

(d:/Programs/LaTeX/TeXLive/2023/texmf-dist/tex/latex/l3backend/l3backend-luatex
.def
File: l3backend-luatex.def 2023-10-10 L3 backend support: PDF output (LuaTeX)
\l__color_backend_stack_int=\count195
Inserting `l3color' in `luaotfload.parse_color'.
\l__pdf_internal_box=\box51
))
Package: xparse 2023-10-10 L3 Experimental document command parser
)
Package: fontspec 2022/01/15 v2.8a Font selection for XeLaTeX and LuaLaTeX
Lua module: fontspec 2022/01/15 2.8a Font selection for XeLaTeX and LuaLaTeX
(d:/Programs/LaTeX/TeXLive/2023/texmf-dist/tex/latex/fontspec/fontspec-luatex.s
ty
Package: fontspec-luatex 2022/01/15 v2.8a Font selection for XeLaTeX and LuaLaT
eX
\l__fontspec_script_int=\count196
\l__fontspec_language_int=\count197
\l__fontspec_strnum_int=\count198
\l__fontspec_tmp_int=\count199
\l__fontspec_tmpa_int=\count266
\l__fontspec_tmpb_int=\count267
\l__fontspec_tmpc_int=\count268
\l__fontspec_em_int=\count269
\l__fontspec_emdef_int=\count270
\l__fontspec_strong_int=\count271
\l__fontspec_strongdef_int=\count272
\l__fontspec_tmpa_dim=\dimen149
\l__fontspec_tmpb_dim=\dimen150
\l__fontspec_tmpc_dim=\dimen151
 (d:/Programs/LaTeX/TeXLive/2023/texmf-dist/tex/latex/base/fontenc.sty
Package: fontenc 2021/04/29 v2.0v Standard LaTeX package
)
(d:/Programs/LaTeX/TeXLive/2023/texmf-dist/tex/latex/fontspec/fontspec.cfg)))
luaotfload | cache : Lookup cache loaded from d:/Programs/LaTeX/TeXLive/2023/tex
mf-var/luatex-cache/generic/names/luaotfload-lookup-cache.luc.
luaotfload | aux : font no 23 (nil) does not define feature smcp for script latn
 with language dflt
luaotfload | aux : font no 24 (nil) does not define feature smcp for script latn
 with language dflt
luaotfload | aux : font no 25 (nil) does not define feature smcp for script latn
 with language dflt
luaotfload | aux : font no 26 (nil) does not define feature smcp for script latn
 with language dflt

Package fontspec Info: Font family 'CMUSansSerif(0)' created for font 'CMU
(fontspec)             Sans Serif' with options [Ligatures=TeX].
(fontspec)              
(fontspec)              This font family consists of the following NFSS
(fontspec)             series/shapes:
(fontspec)              
(fontspec)             - 'normal' (m/n) with NFSS spec.:
(fontspec)             <->"CMUSansSerif:mode=node;script=latn;language=dflt;+tl
ig;"
(fontspec)             - 'small caps'  (m/sc) with NFSS spec.: 
(fontspec)             - 'bold' (b/n) with NFSS spec.:
(fontspec)             <->"CMUSansSerif/B:mode=node;script=latn;language=dflt;+
tlig;"
(fontspec)             - 'bold small caps'  (b/sc) with NFSS spec.: 
(fontspec)             - 'italic' (m/it) with NFSS spec.:
(fontspec)             <->"CMUSansSerif/I:mode=node;script=latn;language=dflt;+
tlig;"
(fontspec)             - 'italic small caps'  (m/scit) with NFSS spec.: 
(fontspec)             - 'bold italic' (b/it) with NFSS spec.:
(fontspec)             <->"CMUSansSerif/BI:mode=node;script=latn;language=dflt;
+tlig;"
(fontspec)             - 'bold italic small caps'  (b/scit) with NFSS spec.: 

luaotfload | aux : font no 33 (nil) does not define feature smcp for script latn
 with language dflt
luaotfload | aux : font no 34 (nil) does not define feature smcp for script latn
 with language dflt
luaotfload | aux : font no 35 (nil) does not define feature smcp for script latn
 with language dflt
luaotfload | aux : font no 36 (nil) does not define feature smcp for script latn
 with language dflt

Package fontspec Info: Font family 'stix(0)' created for font 'stix' with
(fontspec)             options [Ligatures=TeX].
(fontspec)              
(fontspec)              This font family consists of the following NFSS
(fontspec)             series/shapes:
(fontspec)              
(fontspec)             - 'normal' (m/n) with NFSS spec.:
(fontspec)             <->"stix:mode=node;script=latn;language=dflt;+tlig;"
(fontspec)             - 'small caps'  (m/sc) with NFSS spec.: 
(fontspec)             - 'bold' (b/n) with NFSS spec.:
(fontspec)             <->"stix/B:mode=node;script=latn;language=dflt;+tlig;"
(fontspec)             - 'bold small caps'  (b/sc) with NFSS spec.: 
(fontspec)             - 'italic' (m/it) with NFSS spec.:
(fontspec)             <->"stix/I:mode=node;script=latn;language=dflt;+tlig;"
(fontspec)             - 'italic small caps'  (m/scit) with NFSS spec.: 
(fontspec)             - 'bold italic' (b/it) with NFSS spec.:
(fontspec)             <->"stix/BI:mode=node;script=latn;language=dflt;+tlig;"
(fontspec)             - 'bold italic small caps'  (b/scit) with NFSS spec.: 

luaotfload | aux : font no 44 (nil) does not define feature smcp for script latn
 with language dflt
luaotfload | aux : font no 45 (nil) does not define feature smcp for script latn
 with language dflt
luaotfload | aux : font no 46 (nil) does not define feature smcp for script latn
 with language dflt
luaotfload | aux : font no 47 (nil) does not define feature smcp for script latn
 with language dflt

Package fontspec Info: Font family 'CMUTypewriterText(0)' created for font
(fontspec)             'CMU Typewriter Text' with options
(fontspec)             [WordSpace={1,0,0},HyphenChar=None,PunctuationSpace=Word
Space].
(fontspec)              
(fontspec)              This font family consists of the following NFSS
(fontspec)             series/shapes:
(fontspec)              
(fontspec)             - 'normal' (m/n) with NFSS spec.:
(fontspec)             <->"CMUTypewriterText:mode=node;script=latn;language=dfl
t;"
(fontspec)             - 'small caps'  (m/sc) with NFSS spec.: 
(fontspec)             and font adjustment code:
(fontspec)             \fontdimen 2\font =1\fontdimen 2\font \fontdimen 3\font
(fontspec)             =0\fontdimen 3\font \fontdimen 4\font =0\fontdimen
(fontspec)             4\font \fontdimen 7\font =0\fontdimen 2\font
(fontspec)             \tex_hyphenchar:D \font =-1\scan_stop: 
(fontspec)             - 'bold' (b/n) with NFSS spec.:
(fontspec)             <->"CMUTypewriterText/B:mode=node;script=latn;language=d
flt;"
(fontspec)             - 'bold small caps'  (b/sc) with NFSS spec.: 
(fontspec)             and font adjustment code:
(fontspec)             \fontdimen 2\font =1\fontdimen 2\font \fontdimen 3\font
(fontspec)             =0\fontdimen 3\font \fontdimen 4\font =0\fontdimen
(fontspec)             4\font \fontdimen 7\font =0\fontdimen 2\font
(fontspec)             \tex_hyphenchar:D \font =-1\scan_stop: 
(fontspec)             - 'italic' (m/it) with NFSS spec.:
(fontspec)             <->"CMUTypewriterText/I:mode=node;script=latn;language=d
flt;"
(fontspec)             - 'italic small caps'  (m/scit) with NFSS spec.: 
(fontspec)             and font adjustment code:
(fontspec)             \fontdimen 2\font =1\fontdimen 2\font \fontdimen 3\font
(fontspec)             =0\fontdimen 3\font \fontdimen 4\font =0\fontdimen
(fontspec)             4\font \fontdimen 7\font =0\fontdimen 2\font
(fontspec)             \tex_hyphenchar:D \font =-1\scan_stop: 
(fontspec)             - 'bold italic' (b/it) with NFSS spec.:
(fontspec)             <->"CMUTypewriterText/BI:mode=node;script=latn;language=
dflt;"
(fontspec)             - 'bold italic small caps'  (b/scit) with NFSS spec.: 
(fontspec)             and font adjustment code:
(fontspec)             \fontdimen 2\font =1\fontdimen 2\font \fontdimen 3\font
(fontspec)             =0\fontdimen 3\font \fontdimen 4\font =0\fontdimen
(fontspec)             4\font \fontdimen 7\font =0\fontdimen 2\font
(fontspec)             \tex_hyphenchar:D \font =-1\scan_stop: 


(d:/Programs/LaTeX/TeXLive/2023/texmf-dist/tex/latex/luacolor/luacolor.sty
Package: luacolor 2023-08-18 v1.18 Color support via LuaTeX's attributes (HO)

(d:/Programs/LaTeX/TeXLive/2023/texmf-dist/tex/latex/graphics/color.sty
Package: color 2022/01/06 v1.3d Standard LaTeX Color (DPC)

(d:/Programs/LaTeX/TeXLive/2023/texmf-dist/tex/latex/graphics-cfg/color.cfg
File: color.cfg 2016/01/02 v1.6 sample color configuration
)
Package color Info: Driver file: luatex.def on input line 149.

(d:/Programs/LaTeX/TeXLive/2023/texmf-dist/tex/latex/graphics-def/luatex.def
File: luatex.def 2022/09/22 v1.2d Graphics/color driver for luatex
)
(d:/Programs/LaTeX/TeXLive/2023/texmf-dist/tex/latex/graphics/mathcolor.ltx))
Inserting `luacolor.process' in `pre_shipout_filter'.
\LuaCol@Attribute=\attribute4
)
(d:/Programs/LaTeX/TeXLive/2023/texmf-dist/tex/luatex/luatexbase/luatexbase.sty
Package: luatexbase 2015/10/04 v1.3 luatexbase interface to LuaTeX 

(d:/Programs/LaTeX/TeXLive/2023/texmf-dist/tex/luatex/ctablestack/ctablestack.s
ty
Package: ctablestack 2015/10/01 v1.0 Catcode table stable support
\@catcodetablestackcnt=\count273
)
\CatcodeTableOther=\catcodetable14
\CatcodeTableExpl=\catcodetable15
) (d:/Programs/LaTeX/TeXLive/2023/texmf-dist/tex/generic/babel/babel.sty
Package: babel 2023/09/29 v3.95 The Babel package

(d:/Programs/LaTeX/TeXLive/2023/texmf-dist/tex/generic/babel/luababel.def
\bbl@readstream=\read2
\l@dumylang=\language2
Package babel Info: Non-standard hyphenation setup on input line 118.
\l@nohyphenation=\language3
\l@german-x-2023-03-06=\language4
\l@ngerman-x-2023-03-06=\language5
\l@afrikaans=\language6
\l@ancientgreek=\language7
\l@ibycus=\language8
\l@arabic=\language9
\l@armenian=\language10
\l@basque=\language11
\l@belarusian=\language12
\l@bulgarian=\language13
\l@catalan=\language14
\l@pinyin=\language15
\l@churchslavonic=\language16
\l@coptic=\language17
\l@croatian=\language18
\l@czech=\language19
\l@danish=\language20
\l@dutch=\language21
\l@ukenglish=\language22
\l@usenglishmax=\language23
\l@esperanto=\language24
\l@estonian=\language25
\l@ethiopic=\language26
\l@farsi=\language27
\l@finnish=\language28
\l@schoolfinnish=\language29
\l@french=\language30
\l@friulan=\language31
\l@galician=\language32
\l@georgian=\language33
\l@german=\language34
\l@ngerman=\language35
\l@swissgerman=\language36
\l@greek=\language37
\l@monogreek=\language38
\l@hungarian=\language39
\l@icelandic=\language40
\l@assamese=\language41
\l@bengali=\language42
\l@gujarati=\language43
\l@hindi=\language44
\l@kannada=\language45
\l@malayalam=\language46
\l@marathi=\language47
\l@oriya=\language48
\l@pali=\language49
\l@panjabi=\language50
\l@tamil=\language51
\l@telugu=\language52
\l@indonesian=\language53
\l@interlingua=\language54
\l@irish=\language55
\l@italian=\language56
\l@kurmanji=\language57
\l@classiclatin=\language58
\l@latin=\language59
\l@liturgicallatin=\language60
\l@latvian=\language61
\l@lithuanian=\language62
\l@macedonian=\language63
\l@mongolian=\language64
\l@mongolianlmc=\language65
\l@bokmal=\language66
\l@nynorsk=\language67
\l@occitan=\language68
\l@piedmontese=\language69
\l@polish=\language70
\l@portuguese=\language71
\l@romanian=\language72
\l@romansh=\language73
\l@russian=\language74
\l@sanskrit=\language75
\l@serbian=\language76
\l@serbianc=\language77
\l@slovak=\language78
\l@slovenian=\language79
\l@spanish=\language80
\l@swedish=\language81
\l@thai=\language82
\l@turkish=\language83
\l@turkmen=\language84
\l@ukrainian=\language85
\l@uppersorbian=\language86
\l@welsh=\language87
\babelcatcodetablenum=\catcodetable16
\bbl@pattcodes=\catcodetable17
)
\babel@savecnt=\count274
\U@D=\dimen152
\l@unhyphenated=\language88

(d:/Programs/LaTeX/TeXLive/2023/texmf-dist/tex/generic/babel/luababel.def
\bbl@attr@locale=\attribute5
)
(d:/Programs/LaTeX/TeXLive/2023/texmf-dist/tex/generic/babel-english/english.ld
f
Language: english 2017/06/06 v3.3r English support from the babel system
Package babel Info: Hyphen rules for 'canadian' set to \l@english
(babel)             (\language0). Reported on input line 102.
Package babel Info: Hyphen rules for 'australian' set to \l@ukenglish
(babel)             (\language22). Reported on input line 105.
Package babel Info: Hyphen rules for 'newzealand' set to \l@ukenglish
(babel)             (\language22). Reported on input line 108.
)
(d:/Programs/LaTeX/TeXLive/2023/texmf-dist/tex/generic/babel-russian/russianb.l
df
File: russianb.ldf 2021/01/10 1.3m Russian support for the Babel system
Language: russian 2020/09/09 1.3k Russian support for the Babel system
Package babel Info: Making " an active character on input line 124.
Package babel Info: Default for \cyrdash is provided on input line 163.

(d:/Programs/LaTeX/TeXLive/2023/texmf-dist/tex/generic/hyph-utf8/loadhyph/loadh
yph-ru.tex UTF-8 Russian hyphenation patterns
(d:/Programs/LaTeX/TeXLive/2023/texmf-dist/tex/generic/hyph-utf8/patterns/tex/h
yph-ru.tex)))
(d:/Programs/LaTeX/TeXLive/2023/texmf-dist/tex/generic/babel-ukrainian/ukraineb
.ldf
File: ukraineb.ldf 2020/10/14 1.4e Ukrainian support for the Babel system
LaTeX Info: Redefining \cyrillictext on input line 84.
LaTeX Info: Redefining \textcyrillic on input line 96.
Package babel Info: Default for \cyrdash is provided on input line 142.
Package ukrainian.ldf Info: Executing the 3.9 or latter on input line 148.
Package ukrainian.ldf Info: Executing the post 3.9 branch for dates on input li
ne 226.

(d:/Programs/LaTeX/TeXLive/2023/texmf-dist/tex/generic/hyph-utf8/loadhyph/loadh
yph-uk.tex UTF-8 Ukrainian hyphenation patterns
(d:/Programs/LaTeX/TeXLive/2023/texmf-dist/tex/generic/hyph-utf8/patterns/tex/h
yph-uk.tex)
(d:/Programs/LaTeX/TeXLive/2023/texmf-dist/tex/generic/hyph-utf8/patterns/quote
/hyph-quote-uk.tex))))
(d:/Programs/LaTeX/TeXLive/2023/texmf-dist/tex/generic/babel/locale/uk/babel-uk
rainian.tex
Package babel Info: Importing font and identification data for ukrainian
(babel)             from babel-uk.ini. Reported on input line 11.
)
(d:/Programs/LaTeX/TeXLive/2023/texmf-dist/tex/generic/babel/locale/ru/babel-ru
ssian.tex
Package babel Info: Importing font and identification data for russian
(babel)             from babel-ru.ini. Reported on input line 11.
)
(d:/Programs/LaTeX/TeXLive/2023/texmf-dist/tex/generic/babel/locale/en/babel-en
glish.tex
Package babel Info: Importing font and identification data for english
(babel)             from babel-en.ini. Reported on input line 11.
)
(d:/Programs/LaTeX/TeXLive/2023/texmf-dist/tex/latex/microtype/microtype.sty
Package: microtype 2023/03/13 v3.1a Micro-typographical refinements (RS)

(d:/Programs/LaTeX/TeXLive/2023/texmf-dist/tex/latex/etoolbox/etoolbox.sty
Package: etoolbox 2020/10/05 v2.5k e-TeX tools for LaTeX (JAW)
\etb@tempcnta=\count275
)
\MT@toks=\toks19
\MT@tempbox=\box52
\MT@count=\count276
LaTeX Info: Redefining \noprotrusionifhmode on input line 1059.
LaTeX Info: Redefining \leftprotrusion on input line 1060.
\MT@prot@toks=\toks20
LaTeX Info: Redefining \rightprotrusion on input line 1078.
LaTeX Info: Redefining \textls on input line 1368.
\MT@outer@kern=\dimen153
LaTeX Info: Redefining \textmicrotypecontext on input line 1988.
\MT@listname@count=\count277

(d:/Programs/LaTeX/TeXLive/2023/texmf-dist/tex/latex/microtype/microtype-luatex
.def
File: microtype-luatex.def 2023/03/13 v3.1a Definitions specific to luatex (RS)

Lua module: microtype 2023/03/13 3.1a microtype module.
Module microtype Info: overwriting function `keepligature' on input line 63
LaTeX Info: Redefining \lsstyle on input line 688.
LaTeX Info: Redefining \lslig on input line 688.
\MT@outer@space=\skip51
)
Package microtype Info: Loading configuration file microtype.cfg.

(d:/Programs/LaTeX/TeXLive/2023/texmf-dist/tex/latex/microtype/microtype.cfg
File: microtype.cfg 2023/03/13 v3.1a microtype main configuration file (RS)
))
(d:/Programs/LaTeX/TeXLive/2023/texmf-dist/tex/latex/textcase/textcase.sty
Package: textcase 2023/07/27 v1.04 Text only upper/lower case changing (DPC)
Package textcase Info: Defining Legacy names on input line 20.
)
(d:/Programs/LaTeX/TeXLive/2023/texmf-dist/tex/latex/tools/indentfirst.sty
Package: indentfirst 1995/11/23 v1.03 Indent first paragraph (DPC)
)
(d:/Programs/LaTeX/TeXLive/2023/texmf-dist/tex/latex/currfile/currfile.sty
Package: currfile 2022/10/10 v0.8 Provides the file path elements of the curren
t input file

(d:/Programs/LaTeX/TeXLive/2023/texmf-dist/tex/latex/kvoptions/kvoptions.sty
Package: kvoptions 2022-06-15 v3.15 Key value format for package options (HO)

(d:/Programs/LaTeX/TeXLive/2023/texmf-dist/tex/generic/ltxcmds/ltxcmds.sty
Package: ltxcmds 2020-05-10 v1.25 LaTeX kernel commands for general use (HO)
)
(d:/Programs/LaTeX/TeXLive/2023/texmf-dist/tex/latex/kvsetkeys/kvsetkeys.sty
Package: kvsetkeys 2022-10-05 v1.19 Key value parser (HO)
))
(d:/Programs/LaTeX/TeXLive/2023/texmf-dist/tex/latex/filehook/filehook.sty
Package: filehook 2022/10/25 v0.8b Hooks for input files

(d:/Programs/LaTeX/TeXLive/2023/texmf-dist/tex/latex/filehook/filehook-2020.sty
Package: filehook-2020 2022/10/25 v0.8b Hooks for input files
))
\c@currfiledepth=\count278
) (d:/Programs/LaTeX/TeXLive/2023/texmf-dist/tex/latex/wrapfig/wrapfig.sty
\wrapoverhang=\dimen154
\WF@size=\dimen155
\c@WF@wrappedlines=\count279
\WF@box=\box53
\WF@everypar=\toks21
Package: wrapfig 2003/01/31  v 3.6
)
(d:/Programs/LaTeX/TeXLive/2023/texmf-dist/tex/latex/pdfpages/pdfpages.sty
Package: pdfpages 2022/12/19 v0.5x Insert pages of external PDF documents (AM)

(d:/Programs/LaTeX/TeXLive/2023/texmf-dist/tex/latex/base/ifthen.sty
Package: ifthen 2022/04/13 v1.1d Standard LaTeX ifthen package (DPC)
)
(d:/Programs/LaTeX/TeXLive/2023/texmf-dist/tex/latex/tools/calc.sty
Package: calc 2017/05/25 v4.3 Infix arithmetic (KKT,FJ)
\calc@Acount=\count280
\calc@Bcount=\count281
\calc@Adimen=\dimen156
\calc@Bdimen=\dimen157
\calc@Askip=\skip52
\calc@Bskip=\skip53
LaTeX Info: Redefining \setlength on input line 80.
LaTeX Info: Redefining \addtolength on input line 81.
\calc@Ccount=\count282
\calc@Cskip=\skip54
)
(d:/Programs/LaTeX/TeXLive/2023/texmf-dist/tex/latex/eso-pic/eso-pic.sty
Package: eso-pic 2023/05/03 v3.0c eso-pic (RN)
\ESO@tempdima=\dimen158
\ESO@tempdimb=\dimen159
)
(d:/Programs/LaTeX/TeXLive/2023/texmf-dist/tex/latex/graphics/graphicx.sty
Package: graphicx 2021/09/16 v1.2d Enhanced LaTeX Graphics (DPC,SPQR)

(d:/Programs/LaTeX/TeXLive/2023/texmf-dist/tex/latex/graphics/graphics.sty
Package: graphics 2022/03/10 v1.4e Standard LaTeX Graphics (DPC,SPQR)

(d:/Programs/LaTeX/TeXLive/2023/texmf-dist/tex/latex/graphics/trig.sty
Package: trig 2021/08/11 v1.11 sin cos tan (DPC)
)
(d:/Programs/LaTeX/TeXLive/2023/texmf-dist/tex/latex/graphics-cfg/graphics.cfg
File: graphics.cfg 2016/06/04 v1.11 sample graphics configuration
)
Package graphics Info: Driver file: luatex.def on input line 107.
)
\Gin@req@height=\dimen160
\Gin@req@width=\dimen161
)
\AM@pagewidth=\dimen162
\AM@pageheight=\dimen163
\AM@fboxrule=\dimen164
 (d:/Programs/LaTeX/TeXLive/2023/texmf-dist/tex/latex/pdfpages/ppluatex.def
File: ppluatex.def 2022/12/19 v0.5x Pdfpages driver for LuaTeX (AM)
)
\pdfpages@includegraphics@status=\count283
\AM@pagebox=\box54
\AM@global@opts=\toks22
\AM@pagecnt=\count284
\AM@toc@title=\toks23
\AM@lof@heading=\toks24
\c@AM@survey=\count285
\AM@templatesizebox=\box55
) (d:/Programs/LaTeX/TeXLive/2023/texmf-dist/tex/latex/caption/subcaption.sty
Package: subcaption 2023/07/28 v1.6b Sub-captions (AR)

(d:/Programs/LaTeX/TeXLive/2023/texmf-dist/tex/latex/caption/caption.sty
Package: caption 2023/08/05 v3.6o Customizing captions (AR)

(d:/Programs/LaTeX/TeXLive/2023/texmf-dist/tex/latex/caption/caption3.sty
Package: caption3 2023/07/31 v2.4d caption3 kernel (AR)
\caption@tempdima=\dimen165
\captionmargin=\dimen166
\caption@leftmargin=\dimen167
\caption@rightmargin=\dimen168
\caption@width=\dimen169
\caption@indent=\dimen170
\caption@parindent=\dimen171
\caption@hangindent=\dimen172
Package caption Info: Standard document class detected.
)
\c@caption@flags=\count286
\c@continuedfloat=\count287
Package caption Info: wrapfig package is loaded.
)
Package caption Info: New subtype `subfigure' on input line 238.
\c@subfigure=\count288
Package caption Info: New subtype `subtable' on input line 238.
\c@subtable=\count289
)
(d:/Programs/LaTeX/TeXLive/2023/texmf-dist/tex/latex/colortbl/colortbl.sty
Package: colortbl 2022/06/20 v1.0f Color table columns (DPC)

(d:/Programs/LaTeX/TeXLive/2023/texmf-dist/tex/latex/tools/array.sty
Package: array 2022/09/04 v2.5g Tabular extension package (FMi)
\col@sep=\dimen173
\ar@mcellbox=\box56
\extrarowheight=\dimen174
\NC@list=\toks25
\extratabsurround=\skip55
\backup@length=\skip56
\ar@cellbox=\box57
)
\everycr=\toks26
\minrowclearance=\skip57
\rownum=\count290
)
(d:/Programs/LaTeX/TeXLive/2023/texmf-dist/tex/latex/makecell/makecell.sty
Package: makecell 2009/08/03 V0.1e Managing of Tab Column Heads and Cells
\rotheadsize=\dimen175
\c@nlinenum=\count291
\TeXr@lab=\toks27
)
(d:/Programs/LaTeX/TeXLive/2023/texmf-dist/tex/latex/tools/longtable.sty
Package: longtable 2021-09-01 v4.17 Multi-page Table package (DPC)
\LTleft=\skip58
\LTright=\skip59
\LTpre=\skip60
\LTpost=\skip61
\LTchunksize=\count292
\LTcapwidth=\dimen176
\LT@head=\box58
\LT@firsthead=\box59
\LT@foot=\box60
\LT@lastfoot=\box61
\LT@gbox=\box62
\LT@cols=\count293
\LT@rows=\count294
\c@LT@tables=\count295
\c@LT@chunks=\count296
\LT@p@ftn=\toks28
)
(d:/Programs/LaTeX/TeXLive/2023/texmf-dist/tex/latex/ragged2e/ragged2e.sty
Package: ragged2e 2023/06/22 v3.6 ragged2e Package
\CenteringLeftskip=\skip62
\RaggedLeftLeftskip=\skip63
\RaggedRightLeftskip=\skip64
\CenteringRightskip=\skip65
\RaggedLeftRightskip=\skip66
\RaggedRightRightskip=\skip67
\CenteringParfillskip=\skip68
\RaggedLeftParfillskip=\skip69
\RaggedRightParfillskip=\skip70
\JustifyingParfillskip=\skip71
\CenteringParindent=\skip72
\RaggedLeftParindent=\skip73
\RaggedRightParindent=\skip74
\JustifyingParindent=\skip75
)
(d:/Programs/LaTeX/TeXLive/2023/texmf-dist/tex/latex/amsmath/amsmath.sty
Package: amsmath 2023/05/13 v2.17o AMS math features
\@mathmargin=\skip76

For additional information on amsmath, use the `?' option.
(d:/Programs/LaTeX/TeXLive/2023/texmf-dist/tex/latex/amsmath/amstext.sty
Package: amstext 2021/08/26 v2.01 AMS text

(d:/Programs/LaTeX/TeXLive/2023/texmf-dist/tex/latex/amsmath/amsgen.sty
File: amsgen.sty 1999/11/30 v2.0 generic functions
\@emptytoks=\toks29
\ex@=\dimen177
))
(d:/Programs/LaTeX/TeXLive/2023/texmf-dist/tex/latex/amsmath/amsbsy.sty
Package: amsbsy 1999/11/29 v1.2d Bold Symbols
\pmbraise@=\dimen178
)
(d:/Programs/LaTeX/TeXLive/2023/texmf-dist/tex/latex/amsmath/amsopn.sty
Package: amsopn 2022/04/08 v2.04 operator names
)
\inf@bad=\count297
LaTeX Info: Redefining \frac on input line 236.
\uproot@=\count298
\leftroot@=\count299
LaTeX Info: Redefining \overline on input line 399.
LaTeX Info: Redefining \colon on input line 410.
\classnum@=\count300
\DOTSCASE@=\count301
LaTeX Info: Redefining \ldots on input line 496.
LaTeX Info: Redefining \dots on input line 499.
LaTeX Info: Redefining \cdots on input line 620.
\Mathstrutbox@=\box63
\strutbox@=\box64
LaTeX Info: Redefining \big on input line 722.
LaTeX Info: Redefining \Big on input line 723.
LaTeX Info: Redefining \bigg on input line 724.
LaTeX Info: Redefining \Bigg on input line 725.
\big@size=\dimen179
LaTeX Font Info:    Redeclaring font encoding OML on input line 743.
LaTeX Font Info:    Redeclaring font encoding OMS on input line 744.
\macc@depth=\count302
LaTeX Info: Redefining \bmod on input line 905.
LaTeX Info: Redefining \pmod on input line 910.
LaTeX Info: Redefining \smash on input line 940.
LaTeX Info: Redefining \relbar on input line 970.
LaTeX Info: Redefining \Relbar on input line 971.
\c@MaxMatrixCols=\count303
\dotsspace@=\muskip16
\c@parentequation=\count304
\dspbrk@lvl=\count305
\tag@help=\toks30
\row@=\count306
\column@=\count307
\maxfields@=\count308
\andhelp@=\toks31
\eqnshift@=\dimen180
\alignsep@=\dimen181
\tagshift@=\dimen182
\tagwidth@=\dimen183
\totwidth@=\dimen184
\lineht@=\dimen185
\@envbody=\toks32
\multlinegap=\skip77
\multlinetaggap=\skip78
\mathdisplay@stack=\toks33
LaTeX Info: Redefining \[ on input line 2953.
LaTeX Info: Redefining \] on input line 2954.
)
(d:/Programs/LaTeX/TeXLive/2023/texmf-dist/tex/latex/esint/esint.sty
Package: esint 
\symlargesymbolsA=\mathgroup4
)
(d:/Programs/LaTeX/TeXLive/2023/texmf-dist/tex/latex/units/nicefrac.sty
Package: nicefrac 1998/08/04 v0.9b Nice fractions
\L@UnitsRaiseDisplaystyle=\skip79
\L@UnitsRaiseTextstyle=\skip80
\L@UnitsRaiseScriptstyle=\skip81
)
(d:/Programs/LaTeX/TeXLive/2023/texmf-dist/tex/latex/mhchem/mhchem.sty
Package: mhchem 2021/12/31 v4.09 for typesetting chemical formulae

(d:/Programs/LaTeX/TeXLive/2023/texmf-dist/tex/latex/l3packages/l3keys2e/l3keys
2e.sty
Package: l3keys2e 2023-10-10 LaTeX2e option processing using LaTeX3 keys
)
(d:/Programs/LaTeX/TeXLive/2023/texmf-dist/tex/latex/chemgreek/chemgreek.sty
Package: chemgreek 2020/01/16 v1.1a interface for upright Greek letters for use
 in chemistry (CN)
\l__chemgreek_tmpa_int=\count309
\g__chemgreek_tmpa_int=\count310
)
\l__mhchem_ce_distanceFromLastComma_int=\count311
\__mhchem_arrow_extPgfLength_skip=\skip82
\mhchem@minispace@tmp=\skip83
\mhchem@minibackspace@tmp=\skip84
\mhchem@bondwidth=\skip85
\mhchem@bondheight=\skip86
\mhchem@smallbondwidth@tmpA=\skip87
\mhchem@smallbondwidth@tmpB=\skip88
\mhchem@smallbondwidth=\skip89
\mhchem@bondtmp@minussidebearingleft=\skip90
\mhchem@bondtmp@minussidebearingright=\skip91
\l__mhchem_option_version_int=\count312
\mhchem@option@minusmathsidebearingleft=\dimen186
\mhchem@option@minusmathsidebearingright=\dimen187
\mhchem@option@minustextsidebearingleft=\dimen188
\mhchem@option@minustextsidebearingright=\dimen189


Package mhchem Warning: You did not specify a 'version' option for the mhchem
(mhchem)                package. Please write \usepackage[version=4]{mhchem}
(mhchem)                in your preamble (or any lower number for
(mhchem)                compatibility mode), because you might get slightly
(mhchem)                different output with the same input in future versions
.

) (d:/Programs/LaTeX/TeXLive/2023/texmf-dist/tex/latex/booktabs/booktabs.sty
Package: booktabs 2020/01/12 v1.61803398 Publication quality tables
\heavyrulewidth=\dimen190
\lightrulewidth=\dimen191
\cmidrulewidth=\dimen192
\belowrulesep=\dimen193
\belowbottomsep=\dimen194
\aboverulesep=\dimen195
\abovetopsep=\dimen196
\cmidrulesep=\dimen197
\cmidrulekern=\dimen198
\defaultaddspace=\dimen199
\@cmidla=\count313
\@cmidlb=\count314
\@aboverulesep=\dimen256
\@belowrulesep=\dimen257
\@thisruleclass=\count315
\@lastruleclass=\count316
\@thisrulewidth=\dimen258
)
(d:/Programs/LaTeX/TeXLive/2023/texmf-dist/tex/latex/tools/tabularx.sty
Package: tabularx 2020/01/15 v2.11c `tabularx' package (DPC)
\TX@col@width=\dimen259
\TX@old@table=\dimen260
\TX@old@col=\dimen261
\TX@target=\dimen262
\TX@delta=\dimen263
\TX@cols=\count317
\TX@ftn=\toks34
)
(d:/Programs/LaTeX/TeXLive/2023/texmf-dist/tex/latex/varwidth/varwidth.sty
Package: varwidth 2009/03/30 ver 0.92;  Variable-width minipages
\@vwid@box=\box65
\sift@deathcycles=\count318
\@vwid@loff=\dimen264
\@vwid@roff=\dimen265
)
(d:/Programs/LaTeX/TeXLive/2023/texmf-dist/tex/latex/multirow/multirow.sty
Package: multirow 2021/03/15 v2.8 Span multiple rows of a table
\multirow@colwidth=\skip92
\multirow@cntb=\count319
\multirow@dima=\skip93
\bigstrutjot=\dimen266
)
(d:/Programs/LaTeX/TeXLive/2023/texmf-dist/tex/latex/epigraph/epigraph.sty
Package: epigraph 2020/01/02 v1.5e typesetting epigraphs

(d:/Programs/LaTeX/TeXLive/2023/texmf-dist/tex/latex/nextpage/nextpage.sty
Package: nextpage 2009/09/03 v1.1a additional page commands
)
\beforeepigraphskip=\skip94
\afterepigraphskip=\skip95
\epigraphwidth=\skip96
\epigraphrule=\skip97
)
(d:/Programs/LaTeX/TeXLive/2023/texmf-dist/tex/latex/lastpage/lastpage.sty
Package: lastpage 2023/10/14 v2.0e lastpage: 2.09 or 2e? (HMM)

(d:/Programs/LaTeX/TeXLive/2023/texmf-dist/tex/latex/lastpage/lastpage2e.sty
Package: lastpage2e 2023/10/14 v2.0e Decide which 2e lastpage version to use (H
MM)

(d:/Programs/LaTeX/TeXLive/2023/texmf-dist/tex/latex/lastpage/lastpagemodern.st
y
Package: lastpagemodern 2023-10-14 v2.0e Refers to last page's name (HMM; JPG)
\c@lastpagecount=\count320
) 
)) (d:/Programs/LaTeX/TeXLive/2023/texmf-dist/tex/latex/todonotes/todonotes.sty
Package: todonotes 2023/01/31 v1.1.6 Todonotes source and documentation.
Package: todonotes 2023/01/31
(d:/Programs/LaTeX/TeXLive/2023/texmf-dist/tex/latex/xkeyval/xkeyval.sty
Package: xkeyval 2022/06/16 v2.9 package option processing (HA)

(d:/Programs/LaTeX/TeXLive/2023/texmf-dist/tex/generic/xkeyval/xkeyval.tex
(d:/Programs/LaTeX/TeXLive/2023/texmf-dist/tex/generic/xkeyval/xkvutils.tex
\XKV@toks=\toks35
\XKV@tempa@toks=\toks36
)
\XKV@depth=\count321
File: xkeyval.tex 2014/12/03 v2.7a key=value parser (HA)
))
(d:/Programs/LaTeX/TeXLive/2023/texmf-dist/tex/latex/xcolor/xcolor.sty
Package: xcolor 2022/06/12 v2.14 LaTeX color extensions (UK)

(d:/Programs/LaTeX/TeXLive/2023/texmf-dist/tex/latex/graphics-cfg/color.cfg
File: color.cfg 2016/01/02 v1.6 sample color configuration
)
Package xcolor Info: Driver file: luatex.def on input line 227.
LaTeX Info: Redefining \color on input line 711.

(d:/Programs/LaTeX/TeXLive/2023/texmf-dist/tex/latex/graphics/mathcolor.ltx)
Package xcolor Info: Model `cmy' substituted by `cmy0' on input line 1353.
Package xcolor Info: Model `hsb' substituted by `rgb' on input line 1357.
Package xcolor Info: Model `RGB' extended on input line 1369.
Package xcolor Info: Model `HTML' substituted by `rgb' on input line 1371.
Package xcolor Info: Model `Hsb' substituted by `hsb' on input line 1372.
Package xcolor Info: Model `tHsb' substituted by `hsb' on input line 1373.
Package xcolor Info: Model `HSB' substituted by `hsb' on input line 1374.
Package xcolor Info: Model `Gray' substituted by `gray' on input line 1375.
Package xcolor Info: Model `wave' substituted by `hsb' on input line 1376.
)
(d:/Programs/LaTeX/TeXLive/2023/texmf-dist/tex/latex/pgf/frontendlayer/tikz.sty
(d:/Programs/LaTeX/TeXLive/2023/texmf-dist/tex/latex/pgf/basiclayer/pgf.sty
(d:/Programs/LaTeX/TeXLive/2023/texmf-dist/tex/latex/pgf/utilities/pgfrcs.sty
(d:/Programs/LaTeX/TeXLive/2023/texmf-dist/tex/generic/pgf/utilities/pgfutil-co
mmon.tex
\pgfutil@everybye=\toks37
\pgfutil@tempdima=\dimen267
\pgfutil@tempdimb=\dimen268
)
(d:/Programs/LaTeX/TeXLive/2023/texmf-dist/tex/generic/pgf/utilities/pgfutil-la
tex.def
\pgfutil@abb=\box66
)
(d:/Programs/LaTeX/TeXLive/2023/texmf-dist/tex/generic/pgf/utilities/pgfrcs.cod
e.tex
(d:/Programs/LaTeX/TeXLive/2023/texmf-dist/tex/generic/pgf/pgf.revision.tex)
Package: pgfrcs 2023-01-15 v3.1.10 (3.1.10)
))
Package: pgf 2023-01-15 v3.1.10 (3.1.10)

(d:/Programs/LaTeX/TeXLive/2023/texmf-dist/tex/latex/pgf/basiclayer/pgfcore.sty

(d:/Programs/LaTeX/TeXLive/2023/texmf-dist/tex/latex/pgf/systemlayer/pgfsys.sty

(d:/Programs/LaTeX/TeXLive/2023/texmf-dist/tex/generic/pgf/systemlayer/pgfsys.c
ode.tex
Package: pgfsys 2023-01-15 v3.1.10 (3.1.10)

(d:/Programs/LaTeX/TeXLive/2023/texmf-dist/tex/generic/pgf/utilities/pgfkeys.co
de.tex
\pgfkeys@pathtoks=\toks38
\pgfkeys@temptoks=\toks39

(d:/Programs/LaTeX/TeXLive/2023/texmf-dist/tex/generic/pgf/utilities/pgfkeyslib
raryfiltered.code.tex
\pgfkeys@tmptoks=\toks40
))
\pgf@x=\dimen269
\pgf@y=\dimen270
\pgf@xa=\dimen271
\pgf@ya=\dimen272
\pgf@xb=\dimen273
\pgf@yb=\dimen274
\pgf@xc=\dimen275
\pgf@yc=\dimen276
\pgf@xd=\dimen277
\pgf@yd=\dimen278
\w@pgf@writea=\write3
\r@pgf@reada=\read3
\c@pgf@counta=\count322
\c@pgf@countb=\count323
\c@pgf@countc=\count324
\c@pgf@countd=\count325
\t@pgf@toka=\toks41
\t@pgf@tokb=\toks42
\t@pgf@tokc=\toks43
\pgf@sys@id@count=\count326

(d:/Programs/LaTeX/TeXLive/2023/texmf-dist/tex/generic/pgf/systemlayer/pgf.cfg
File: pgf.cfg 2023-01-15 v3.1.10 (3.1.10)
)
Driver file for pgf: pgfsys-luatex.def

(d:/Programs/LaTeX/TeXLive/2023/texmf-dist/tex/generic/pgf/systemlayer/pgfsys-l
uatex.def
File: pgfsys-luatex.def 2023-01-15 v3.1.10 (3.1.10)

(d:/Programs/LaTeX/TeXLive/2023/texmf-dist/tex/generic/pgf/systemlayer/pgfsys-c
ommon-pdf.def
File: pgfsys-common-pdf.def 2023-01-15 v3.1.10 (3.1.10)
)))
(d:/Programs/LaTeX/TeXLive/2023/texmf-dist/tex/generic/pgf/systemlayer/pgfsysso
ftpath.code.tex
File: pgfsyssoftpath.code.tex 2023-01-15 v3.1.10 (3.1.10)
\pgfsyssoftpath@smallbuffer@items=\count327
\pgfsyssoftpath@bigbuffer@items=\count328
)
(d:/Programs/LaTeX/TeXLive/2023/texmf-dist/tex/generic/pgf/systemlayer/pgfsyspr
otocol.code.tex
File: pgfsysprotocol.code.tex 2023-01-15 v3.1.10 (3.1.10)
))
(d:/Programs/LaTeX/TeXLive/2023/texmf-dist/tex/generic/pgf/basiclayer/pgfcore.c
ode.tex
Package: pgfcore 2023-01-15 v3.1.10 (3.1.10)

(d:/Programs/LaTeX/TeXLive/2023/texmf-dist/tex/generic/pgf/math/pgfmath.code.te
x
(d:/Programs/LaTeX/TeXLive/2023/texmf-dist/tex/generic/pgf/math/pgfmathutil.cod
e.tex)
(d:/Programs/LaTeX/TeXLive/2023/texmf-dist/tex/generic/pgf/math/pgfmathparser.c
ode.tex
\pgfmath@dimen=\dimen279
\pgfmath@count=\count329
\pgfmath@box=\box67
\pgfmath@toks=\toks44
\pgfmath@stack@operand=\toks45
\pgfmath@stack@operation=\toks46
)
(d:/Programs/LaTeX/TeXLive/2023/texmf-dist/tex/generic/pgf/math/pgfmathfunction
s.code.tex)
(d:/Programs/LaTeX/TeXLive/2023/texmf-dist/tex/generic/pgf/math/pgfmathfunction
s.basic.code.tex)
(d:/Programs/LaTeX/TeXLive/2023/texmf-dist/tex/generic/pgf/math/pgfmathfunction
s.trigonometric.code.tex)
(d:/Programs/LaTeX/TeXLive/2023/texmf-dist/tex/generic/pgf/math/pgfmathfunction
s.random.code.tex)
(d:/Programs/LaTeX/TeXLive/2023/texmf-dist/tex/generic/pgf/math/pgfmathfunction
s.comparison.code.tex)
(d:/Programs/LaTeX/TeXLive/2023/texmf-dist/tex/generic/pgf/math/pgfmathfunction
s.base.code.tex)
(d:/Programs/LaTeX/TeXLive/2023/texmf-dist/tex/generic/pgf/math/pgfmathfunction
s.round.code.tex)
(d:/Programs/LaTeX/TeXLive/2023/texmf-dist/tex/generic/pgf/math/pgfmathfunction
s.misc.code.tex)
(d:/Programs/LaTeX/TeXLive/2023/texmf-dist/tex/generic/pgf/math/pgfmathfunction
s.integerarithmetics.code.tex)
(d:/Programs/LaTeX/TeXLive/2023/texmf-dist/tex/generic/pgf/math/pgfmathcalc.cod
e.tex)
(d:/Programs/LaTeX/TeXLive/2023/texmf-dist/tex/generic/pgf/math/pgfmathfloat.co
de.tex
\c@pgfmathroundto@lastzeros=\count330
))
(d:/Programs/LaTeX/TeXLive/2023/texmf-dist/tex/generic/pgf/math/pgfint.code.tex
)
(d:/Programs/LaTeX/TeXLive/2023/texmf-dist/tex/generic/pgf/basiclayer/pgfcorepo
ints.code.tex
File: pgfcorepoints.code.tex 2023-01-15 v3.1.10 (3.1.10)
\pgf@picminx=\dimen280
\pgf@picmaxx=\dimen281
\pgf@picminy=\dimen282
\pgf@picmaxy=\dimen283
\pgf@pathminx=\dimen284
\pgf@pathmaxx=\dimen285
\pgf@pathminy=\dimen286
\pgf@pathmaxy=\dimen287
\pgf@xx=\dimen288
\pgf@xy=\dimen289
\pgf@yx=\dimen290
\pgf@yy=\dimen291
\pgf@zx=\dimen292
\pgf@zy=\dimen293
)
(d:/Programs/LaTeX/TeXLive/2023/texmf-dist/tex/generic/pgf/basiclayer/pgfcorepa
thconstruct.code.tex
File: pgfcorepathconstruct.code.tex 2023-01-15 v3.1.10 (3.1.10)
\pgf@path@lastx=\dimen294
\pgf@path@lasty=\dimen295
)
(d:/Programs/LaTeX/TeXLive/2023/texmf-dist/tex/generic/pgf/basiclayer/pgfcorepa
thusage.code.tex
File: pgfcorepathusage.code.tex 2023-01-15 v3.1.10 (3.1.10)
\pgf@shorten@end@additional=\dimen296
\pgf@shorten@start@additional=\dimen297
)
(d:/Programs/LaTeX/TeXLive/2023/texmf-dist/tex/generic/pgf/basiclayer/pgfcoresc
opes.code.tex
File: pgfcorescopes.code.tex 2023-01-15 v3.1.10 (3.1.10)
\pgfpic=\box68
\pgf@hbox=\box69
\pgf@layerbox@main=\box70
\pgf@picture@serial@count=\count331
)
(d:/Programs/LaTeX/TeXLive/2023/texmf-dist/tex/generic/pgf/basiclayer/pgfcoregr
aphicstate.code.tex
File: pgfcoregraphicstate.code.tex 2023-01-15 v3.1.10 (3.1.10)
\pgflinewidth=\dimen298
)
(d:/Programs/LaTeX/TeXLive/2023/texmf-dist/tex/generic/pgf/basiclayer/pgfcoretr
ansformations.code.tex
File: pgfcoretransformations.code.tex 2023-01-15 v3.1.10 (3.1.10)
\pgf@pt@x=\dimen299
\pgf@pt@y=\dimen300
\pgf@pt@temp=\dimen301
)
(d:/Programs/LaTeX/TeXLive/2023/texmf-dist/tex/generic/pgf/basiclayer/pgfcorequ
ick.code.tex
File: pgfcorequick.code.tex 2023-01-15 v3.1.10 (3.1.10)
)
(d:/Programs/LaTeX/TeXLive/2023/texmf-dist/tex/generic/pgf/basiclayer/pgfcoreob
jects.code.tex
File: pgfcoreobjects.code.tex 2023-01-15 v3.1.10 (3.1.10)
)
(d:/Programs/LaTeX/TeXLive/2023/texmf-dist/tex/generic/pgf/basiclayer/pgfcorepa
thprocessing.code.tex
File: pgfcorepathprocessing.code.tex 2023-01-15 v3.1.10 (3.1.10)
)
(d:/Programs/LaTeX/TeXLive/2023/texmf-dist/tex/generic/pgf/basiclayer/pgfcorear
rows.code.tex
File: pgfcorearrows.code.tex 2023-01-15 v3.1.10 (3.1.10)
\pgfarrowsep=\dimen302
)
(d:/Programs/LaTeX/TeXLive/2023/texmf-dist/tex/generic/pgf/basiclayer/pgfcoresh
ade.code.tex
File: pgfcoreshade.code.tex 2023-01-15 v3.1.10 (3.1.10)
\pgf@max=\dimen303
\pgf@sys@shading@range@num=\count332
\pgf@shadingcount=\count333
)
(d:/Programs/LaTeX/TeXLive/2023/texmf-dist/tex/generic/pgf/basiclayer/pgfcoreim
age.code.tex
File: pgfcoreimage.code.tex 2023-01-15 v3.1.10 (3.1.10)
)
(d:/Programs/LaTeX/TeXLive/2023/texmf-dist/tex/generic/pgf/basiclayer/pgfcoreex
ternal.code.tex
File: pgfcoreexternal.code.tex 2023-01-15 v3.1.10 (3.1.10)
\pgfexternal@startupbox=\box71
)
(d:/Programs/LaTeX/TeXLive/2023/texmf-dist/tex/generic/pgf/basiclayer/pgfcorela
yers.code.tex
File: pgfcorelayers.code.tex 2023-01-15 v3.1.10 (3.1.10)
)
(d:/Programs/LaTeX/TeXLive/2023/texmf-dist/tex/generic/pgf/basiclayer/pgfcoretr
ansparency.code.tex
File: pgfcoretransparency.code.tex 2023-01-15 v3.1.10 (3.1.10)
)
(d:/Programs/LaTeX/TeXLive/2023/texmf-dist/tex/generic/pgf/basiclayer/pgfcorepa
tterns.code.tex
File: pgfcorepatterns.code.tex 2023-01-15 v3.1.10 (3.1.10)
)
(d:/Programs/LaTeX/TeXLive/2023/texmf-dist/tex/generic/pgf/basiclayer/pgfcorerd
f.code.tex
File: pgfcorerdf.code.tex 2023-01-15 v3.1.10 (3.1.10)
)))
(d:/Programs/LaTeX/TeXLive/2023/texmf-dist/tex/generic/pgf/modules/pgfmodulesha
pes.code.tex
File: pgfmoduleshapes.code.tex 2023-01-15 v3.1.10 (3.1.10)
\pgfnodeparttextbox=\box72
)
(d:/Programs/LaTeX/TeXLive/2023/texmf-dist/tex/generic/pgf/modules/pgfmoduleplo
t.code.tex
File: pgfmoduleplot.code.tex 2023-01-15 v3.1.10 (3.1.10)
)
(d:/Programs/LaTeX/TeXLive/2023/texmf-dist/tex/latex/pgf/compatibility/pgfcomp-
version-0-65.sty
Package: pgfcomp-version-0-65 2023-01-15 v3.1.10 (3.1.10)
\pgf@nodesepstart=\dimen304
\pgf@nodesepend=\dimen305
)
(d:/Programs/LaTeX/TeXLive/2023/texmf-dist/tex/latex/pgf/compatibility/pgfcomp-
version-1-18.sty
Package: pgfcomp-version-1-18 2023-01-15 v3.1.10 (3.1.10)
))
(d:/Programs/LaTeX/TeXLive/2023/texmf-dist/tex/latex/pgf/utilities/pgffor.sty
(d:/Programs/LaTeX/TeXLive/2023/texmf-dist/tex/latex/pgf/utilities/pgfkeys.sty
(d:/Programs/LaTeX/TeXLive/2023/texmf-dist/tex/generic/pgf/utilities/pgfkeys.co
de.tex))
(d:/Programs/LaTeX/TeXLive/2023/texmf-dist/tex/latex/pgf/math/pgfmath.sty
(d:/Programs/LaTeX/TeXLive/2023/texmf-dist/tex/generic/pgf/math/pgfmath.code.te
x))
(d:/Programs/LaTeX/TeXLive/2023/texmf-dist/tex/generic/pgf/utilities/pgffor.cod
e.tex
Package: pgffor 2023-01-15 v3.1.10 (3.1.10)
\pgffor@iter=\dimen306
\pgffor@skip=\dimen307
\pgffor@stack=\toks47
\pgffor@toks=\toks48
))
(d:/Programs/LaTeX/TeXLive/2023/texmf-dist/tex/generic/pgf/frontendlayer/tikz/t
ikz.code.tex
Package: tikz 2023-01-15 v3.1.10 (3.1.10)

(d:/Programs/LaTeX/TeXLive/2023/texmf-dist/tex/generic/pgf/libraries/pgflibrary
plothandlers.code.tex
File: pgflibraryplothandlers.code.tex 2023-01-15 v3.1.10 (3.1.10)
\pgf@plot@mark@count=\count334
\pgfplotmarksize=\dimen308
)
\tikz@lastx=\dimen309
\tikz@lasty=\dimen310
\tikz@lastxsaved=\dimen311
\tikz@lastysaved=\dimen312
\tikz@lastmovetox=\dimen313
\tikz@lastmovetoy=\dimen314
\tikzleveldistance=\dimen315
\tikzsiblingdistance=\dimen316
\tikz@figbox=\box73
\tikz@figbox@bg=\box74
\tikz@tempbox=\box75
\tikz@tempbox@bg=\box76
\tikztreelevel=\count335
\tikznumberofchildren=\count336
\tikznumberofcurrentchild=\count337
\tikz@fig@count=\count338

(d:/Programs/LaTeX/TeXLive/2023/texmf-dist/tex/generic/pgf/modules/pgfmodulemat
rix.code.tex
File: pgfmodulematrix.code.tex 2023-01-15 v3.1.10 (3.1.10)
\pgfmatrixcurrentrow=\count339
\pgfmatrixcurrentcolumn=\count340
\pgf@matrix@numberofcolumns=\count341
)
\tikz@expandcount=\count342

(d:/Programs/LaTeX/TeXLive/2023/texmf-dist/tex/generic/pgf/frontendlayer/tikz/l
ibraries/tikzlibrarytopaths.code.tex
File: tikzlibrarytopaths.code.tex 2023-01-15 v3.1.10 (3.1.10)
)))
(d:/Programs/LaTeX/TeXLive/2023/texmf-dist/tex/generic/pgf/frontendlayer/tikz/l
ibraries/tikzlibrarypositioning.code.tex
File: tikzlibrarypositioning.code.tex 2023-01-15 v3.1.10 (3.1.10)
)
\c@@todonotes@numberoftodonotes=\count343
)
(d:/Programs/LaTeX/TeXLive/2023/texmf-dist/tex/generic/pdftexcmds/pdftexcmds.st
y
Package: pdftexcmds 2020-06-27 v0.33 Utility functions of pdfTeX for LuaTeX (HO
)

(d:/Programs/LaTeX/TeXLive/2023/texmf-dist/tex/generic/infwarerr/infwarerr.sty
Package: infwarerr 2019/12/03 v1.5 Providing info/warning/error messages (HO)
)
Package pdftexcmds Info: \pdf@primitive is available.
Package pdftexcmds Info: \pdf@ifprimitive is available.
Package pdftexcmds Info: \pdfdraftmode found.
\pdftexcmds@toks=\toks49
) (d:/Programs/LaTeX/TeXLive/2023/texmf-dist/tex/latex/tcolorbox/tcolorbox.sty
Package: tcolorbox 2023/09/26 version 6.1.0 text color boxes

(d:/Programs/LaTeX/TeXLive/2023/texmf-dist/tex/latex/tools/verbatim.sty
Package: verbatim 2022-07-02 v1.5u LaTeX2e package for verbatim enhancements
\every@verbatim=\toks50
\verbatim@line=\toks51
\verbatim@in@stream=\read4
)
(d:/Programs/LaTeX/TeXLive/2023/texmf-dist/tex/latex/environ/environ.sty
Package: environ 2014/05/04 v0.3 A new way to define environments

(d:/Programs/LaTeX/TeXLive/2023/texmf-dist/tex/latex/trimspaces/trimspaces.sty
Package: trimspaces 2009/09/17 v1.1 Trim spaces around a token list
))
\tcb@titlebox=\box77
\tcb@upperbox=\box78
\tcb@lowerbox=\box79
\tcb@phantombox=\box80
\c@tcbbreakpart=\count344
\c@tcblayer=\count345
\c@tcolorbox@number=\count346
\tcb@temp=\box81
\tcb@temp=\box82
\tcb@temp=\box83
\tcb@temp=\box84

(d:/Programs/LaTeX/TeXLive/2023/texmf-dist/tex/latex/tcolorbox/tcbraster.code.t
ex
Library (tcolorbox): 'tcbraster.code.tex' version '6.1.0'
\c@tcbrastercolumn=\count347
\c@tcbrasterrow=\count348
\c@tcbrasternum=\count349
\c@tcbraster=\count350
)
(d:/Programs/LaTeX/TeXLive/2023/texmf-dist/tex/latex/tcolorbox/tcbskins.code.te
x
Library (tcolorbox): 'tcbskins.code.tex' version '6.1.0'

(d:/Programs/LaTeX/TeXLive/2023/texmf-dist/tex/latex/tikzfill/tikzfill.image.st
y
Package: tikzfill.image 2023/08/08 v1.0.1 Image filling library for TikZ

(d:/Programs/LaTeX/TeXLive/2023/texmf-dist/tex/latex/tikzfill/tikzfill-common.s
ty
Package: tikzfill-common 2023/08/08 v1.0.1 Auxiliary code for tikzfill
)
(d:/Programs/LaTeX/TeXLive/2023/texmf-dist/tex/latex/tikzfill/tikzlibraryfill.i
mage.code.tex
File: tikzlibraryfill.image.code.tex 2023/08/08 v1.0.1 Image filling library
\l__tikzfill_img_box=\box85
))
(d:/Programs/LaTeX/TeXLive/2023/texmf-dist/tex/latex/tcolorbox/tcbskinsjigsaw.c
ode.tex
Library (tcolorbox): 'tcbskinsjigsaw.code.tex' version '6.1.0'
))
(d:/Programs/LaTeX/TeXLive/2023/texmf-dist/tex/latex/tcolorbox/tcbbreakable.cod
e.tex
Library (tcolorbox): 'tcbbreakable.code.tex' version '6.1.0'
(d:/Programs/LaTeX/TeXLive/2023/texmf-dist/tex/latex/pdfcol/pdfcol.sty
Package: pdfcol 2022-09-21 v1.7 Handle new color stacks for pdfTeX (HO)
Package pdfcol Info: Interface disabled because of package `luacolor'.
)
Package pdfcol Info: pdfTeX's color stacks are not available.
\tcb@testbox=\box86
\tcb@totalupperbox=\box87
\tcb@totallowerbox=\box88
)
(d:/Programs/LaTeX/TeXLive/2023/texmf-dist/tex/latex/tcolorbox/tcbhooks.code.te
x
Library (tcolorbox): 'tcbhooks.code.tex' version '6.1.0'
)
(d:/Programs/LaTeX/TeXLive/2023/texmf-dist/tex/latex/tcolorbox/tcbtheorems.code
.tex
Library (tcolorbox): 'tcbtheorems.code.tex' version '6.1.0'
)
(d:/Programs/LaTeX/TeXLive/2023/texmf-dist/tex/latex/tcolorbox/tcbfitting.code.
tex
Library (tcolorbox): 'tcbfitting.code.tex' version '6.1.0'
\tcbfitdim=\dimen317
\tcb@lowerfitdim=\dimen318
\tcb@upperfitdim=\dimen319
\tcb@cur@hbadness=\count351
)
(d:/Programs/LaTeX/TeXLive/2023/texmf-dist/tex/latex/tcolorbox/tcblistingsutf8.
code.tex
Library (tcolorbox): 'tcblistingsutf8.code.tex' version '6.1.0'

(d:/Programs/LaTeX/TeXLive/2023/texmf-dist/tex/latex/tcolorbox/tcblistings.code
.tex
Library (tcolorbox): 'tcblistings.code.tex' version '6.1.0'
(d:/Programs/LaTeX/TeXLive/2023/texmf-dist/tex/latex/listings/listings.sty
\lst@mode=\count352
\lst@gtempboxa=\box89
\lst@token=\toks52
\lst@length=\count353
\lst@currlwidth=\dimen320
\lst@column=\count354
\lst@pos=\count355
\lst@lostspace=\dimen321
\lst@width=\dimen322
\lst@newlines=\count356
\lst@lineno=\count357
\lst@maxwidth=\dimen323

(d:/Programs/LaTeX/TeXLive/2023/texmf-dist/tex/latex/listings/lstmisc.sty
File: lstmisc.sty 2023/02/27 1.9 (Carsten Heinz)
\c@lstnumber=\count358
\lst@skipnumbers=\count359
\lst@framebox=\box90
)
(d:/Programs/LaTeX/TeXLive/2023/texmf-dist/tex/latex/listings/listings.cfg
File: listings.cfg 2023/02/27 1.9 listings configuration
))
Package: listings 2023/02/27 1.9 (Carsten Heinz)

(d:/Programs/LaTeX/TeXLive/2023/texmf-dist/tex/latex/tcolorbox/tcblistingscore.
code.tex
Library (tcolorbox): 'tcblistingscore.code.tex' version '6.1.0'

(d:/Programs/LaTeX/TeXLive/2023/texmf-dist/tex/latex/tcolorbox/tcbprocessing.co
de.tex
Library (tcolorbox): 'tcbprocessing.code.tex' version '6.1.0'
(d:/Programs/LaTeX/TeXLive/2023/texmf-dist/tex/latex/tools/shellesc.sty
Package: shellesc 2023/04/15 v1.0d unified shell escape interface for LaTeX
Package shellesc Info: Unrestricted shell escape enabled on input line 75.
))
\c@tcblisting=\count360
))
Package tcolorbox Info: Library `listingsutf8' is compatible with pdftex only. 
Library `listings` is loaded instead. on input line 29.
)
(d:/Programs/LaTeX/TeXLive/2023/texmf-dist/tex/latex/tcolorbox/tcbexternal.code
.tex
Library (tcolorbox): 'tcbexternal.code.tex' version '6.1.0'
)
(d:/Programs/LaTeX/TeXLive/2023/texmf-dist/tex/latex/tcolorbox/tcbmagazine.code
.tex
Library (tcolorbox): 'tcbmagazine.code.tex' version '6.1.0'
)
(d:/Programs/LaTeX/TeXLive/2023/texmf-dist/tex/latex/tcolorbox/tcbvignette.code
.tex
Library (tcolorbox): 'tcbvignette.code.tex' version '6.1.0'

(d:/Programs/LaTeX/TeXLive/2023/texmf-dist/tex/generic/pgf/frontendlayer/tikz/l
ibraries/tikzlibraryfadings.code.tex
File: tikzlibraryfadings.code.tex 2023-01-15 v3.1.10 (3.1.10)

(d:/Programs/LaTeX/TeXLive/2023/texmf-dist/tex/generic/pgf/libraries/pgflibrary
fadings.code.tex
File: pgflibraryfadings.code.tex 2023-01-15 v3.1.10 (3.1.10)
)))
(d:/Programs/LaTeX/TeXLive/2023/texmf-dist/tex/latex/tcolorbox/tcbposter.code.t
ex
Library (tcolorbox): 'tcbposter.code.tex' version '6.1.0'
))
(d:/Programs/LaTeX/TeXLive/2023/texmf-dist/tex/generic/pgf/frontendlayer/tikz/l
ibraries/tikzlibrarydecorations.pathmorphing.code.tex
(d:/Programs/LaTeX/TeXLive/2023/texmf-dist/tex/generic/pgf/frontendlayer/tikz/l
ibraries/tikzlibrarydecorations.code.tex
(d:/Programs/LaTeX/TeXLive/2023/texmf-dist/tex/generic/pgf/modules/pgfmoduledec
orations.code.tex
\pgfdecoratedcompleteddistance=\dimen324
\pgfdecoratedremainingdistance=\dimen325
\pgfdecoratedinputsegmentcompleteddistance=\dimen326
\pgfdecoratedinputsegmentremainingdistance=\dimen327
\pgf@decorate@distancetomove=\dimen328
\pgf@decorate@repeatstate=\count361
\pgfdecorationsegmentamplitude=\dimen329
\pgfdecorationsegmentlength=\dimen330
)
\tikz@lib@dec@box=\box91
)
(d:/Programs/LaTeX/TeXLive/2023/texmf-dist/tex/generic/pgf/libraries/decoration
s/pgflibrarydecorations.pathmorphing.code.tex))
(d:/Programs/LaTeX/TeXLive/2023/texmf-dist/tex/generic/pgf/frontendlayer/tikz/l
ibraries/tikzlibraryshadows.code.tex
File: tikzlibraryshadows.code.tex 2023-01-15 v3.1.10 (3.1.10)
)
(d:/Programs/LaTeX/TeXLive/2023/texmf-dist/tex/generic/pgf/frontendlayer/tikz/l
ibraries/circuits/tikzlibrarycircuits.ee.IEC.code.tex
(d:/Programs/LaTeX/TeXLive/2023/texmf-dist/tex/generic/pgf/frontendlayer/tikz/l
ibraries/tikzlibraryarrows.code.tex
File: tikzlibraryarrows.code.tex 2023-01-15 v3.1.10 (3.1.10)

(d:/Programs/LaTeX/TeXLive/2023/texmf-dist/tex/generic/pgf/libraries/pgflibrary
arrows.code.tex
File: pgflibraryarrows.code.tex 2023-01-15 v3.1.10 (3.1.10)
\arrowsize=\dimen331
))
(d:/Programs/LaTeX/TeXLive/2023/texmf-dist/tex/generic/pgf/frontendlayer/tikz/l
ibraries/circuits/tikzlibrarycircuits.ee.code.tex
(d:/Programs/LaTeX/TeXLive/2023/texmf-dist/tex/generic/pgf/frontendlayer/tikz/l
ibraries/circuits/tikzlibrarycircuits.code.tex
(d:/Programs/LaTeX/TeXLive/2023/texmf-dist/tex/generic/pgf/frontendlayer/tikz/l
ibraries/tikzlibrarycalc.code.tex
File: tikzlibrarycalc.code.tex 2023-01-15 v3.1.10 (3.1.10)
)
(d:/Programs/LaTeX/TeXLive/2023/texmf-dist/tex/generic/pgf/frontendlayer/tikz/l
ibraries/tikzlibrarydecorations.markings.code.tex
(d:/Programs/LaTeX/TeXLive/2023/texmf-dist/tex/generic/pgf/libraries/decoration
s/pgflibrarydecorations.markings.code.tex))
\tikz@lib@circ@count=\count362
\tikzcircuitssizeunit=\dimen332
)
(d:/Programs/LaTeX/TeXLive/2023/texmf-dist/tex/generic/pgf/libraries/shapes/cir
cuits/pgflibraryshapes.gates.ee.code.tex))
(d:/Programs/LaTeX/TeXLive/2023/texmf-dist/tex/generic/pgf/libraries/shapes/cir
cuits/pgflibraryshapes.gates.ee.IEC.code.tex))
(d:/Programs/LaTeX/TeXLive/2023/texmf-dist/tex/generic/pgf/frontendlayer/tikz/l
ibraries/tikzlibraryintersections.code.tex
(d:/Programs/LaTeX/TeXLive/2023/texmf-dist/tex/generic/pgf/libraries/pgflibrary
intersections.code.tex
(d:/Programs/LaTeX/TeXLive/2023/texmf-dist/tex/generic/pgf/libraries/pgflibrary
fpu.code.tex)
\pgf@intersect@solutions=\count363
))
(d:/Programs/LaTeX/TeXLive/2023/texmf-dist/tex/latex/pgfplots/pgfplots.sty
(d:/Programs/LaTeX/TeXLive/2023/texmf-dist/tex/generic/pgfplots/pgfplots.revisi
on.tex)
Package: pgfplots 2021/05/15 v1.18.1 Data Visualization (1.18.1)

(d:/Programs/LaTeX/TeXLive/2023/texmf-dist/tex/generic/pgfplots/pgfplots.code.t
ex
(d:/Programs/LaTeX/TeXLive/2023/texmf-dist/tex/generic/pgfplots/pgfplotscore.co
de.tex
Package pgfplots info on input line 124: Initializing with LUA version Lua 5.3
\pgfplots@luabackend@table=\catcodetable18
\t@pgfplots@toka=\toks53
\t@pgfplots@tokb=\toks54
\t@pgfplots@tokc=\toks55
\pgfplots@tmpa=\dimen333
\c@pgfplots@coordindex=\count364
\c@pgfplots@scanlineindex=\count365

(d:/Programs/LaTeX/TeXLive/2023/texmf-dist/tex/generic/pgfplots/sys/pgfplotssys
generic.code.tex))
(d:/Programs/LaTeX/TeXLive/2023/texmf-dist/tex/generic/pgfplots/libs/pgfplotsli
brary.code.tex)
(d:/Programs/LaTeX/TeXLive/2023/texmf-dist/tex/generic/pgfplots/oldpgfcompatib/
pgfplotsoldpgfsupp_loader.code.tex
Package pgfplots: loading complementary utilities for your pgf version...
\t@pgf@toka=\toks56
\t@pgf@tokb=\toks57
\t@pgf@tokc=\toks58

(d:/Programs/LaTeX/TeXLive/2023/texmf-dist/tex/generic/pgfplots/oldpgfcompatib/
pgfplotsoldpgfsupp_pgfutil-common-lists.tex)
(d:/Programs/LaTeX/TeXLive/2023/texmf-dist/tex/generic/pgf/libraries/luamath/pg
flibraryluamath.code.tex)
Package pgfplots info on input line 290: luamath library shipped with pgf 3.1.1
0 is up-to-date
)
(d:/Programs/LaTeX/TeXLive/2023/texmf-dist/tex/generic/pgfplots/util/pgfplotsut
il.code.tex
Package pgfplots info on input line 82: Found new luatex: initializing lua comm
ands instead of write18 (shell-escape)

(d:/Programs/LaTeX/TeXLive/2023/texmf-dist/tex/generic/pgfplots/liststructure/p
gfplotsliststructure.code.tex)
(d:/Programs/LaTeX/TeXLive/2023/texmf-dist/tex/generic/pgfplots/liststructure/p
gfplotsliststructureext.code.tex)
(d:/Programs/LaTeX/TeXLive/2023/texmf-dist/tex/generic/pgfplots/liststructure/p
gfplotsarray.code.tex
\c@pgfplotsarray@tmp=\count366
)
(d:/Programs/LaTeX/TeXLive/2023/texmf-dist/tex/generic/pgfplots/liststructure/p
gfplotsmatrix.code.tex)
(d:/Programs/LaTeX/TeXLive/2023/texmf-dist/tex/generic/pgfplots/numtable/pgfplo
tstableshared.code.tex
\c@pgfplotstable@counta=\count367
\t@pgfplotstable@a=\toks59
)
(d:/Programs/LaTeX/TeXLive/2023/texmf-dist/tex/generic/pgfplots/liststructure/p
gfplotsdeque.code.tex)
(d:/Programs/LaTeX/TeXLive/2023/texmf-dist/tex/generic/pgfplots/util/pgfplotsbi
nary.code.tex
(d:/Programs/LaTeX/TeXLive/2023/texmf-dist/tex/generic/pgfplots/util/pgfplotsbi
nary.data.code.tex))
(d:/Programs/LaTeX/TeXLive/2023/texmf-dist/tex/generic/pgfplots/util/pgfplotsut
il.verb.code.tex)
(d:/Programs/LaTeX/TeXLive/2023/texmf-dist/tex/generic/pgfplots/libs/pgflibrary
pgfplots.surfshading.code.tex
\c@pgfplotslibrarysurf@no=\count368

(d:/Programs/LaTeX/TeXLive/2023/texmf-dist/tex/generic/pgfplots/sys/pgflibraryp
gfplots.surfshading.pgfsys-luatex.def)))
(d:/Programs/LaTeX/TeXLive/2023/texmf-dist/tex/generic/pgfplots/util/pgfplotsco
lormap.code.tex
(d:/Programs/LaTeX/TeXLive/2023/texmf-dist/tex/generic/pgfplots/util/pgfplotsco
lor.code.tex))
(d:/Programs/LaTeX/TeXLive/2023/texmf-dist/tex/generic/pgfplots/pgfplotsstacked
plots.code.tex)
(d:/Programs/LaTeX/TeXLive/2023/texmf-dist/tex/generic/pgfplots/pgfplotsplothan
dlers.code.tex
(d:/Programs/LaTeX/TeXLive/2023/texmf-dist/tex/generic/pgfplots/pgfplotsmeshplo
thandler.code.tex
(d:/Programs/LaTeX/TeXLive/2023/texmf-dist/tex/generic/pgfplots/pgfplotsmeshplo
timage.code.tex)))
(d:/Programs/LaTeX/TeXLive/2023/texmf-dist/tex/generic/pgfplots/pgfplots.scalin
g.code.tex)
(d:/Programs/LaTeX/TeXLive/2023/texmf-dist/tex/generic/pgfplots/pgfplotscoordpr
ocessing.code.tex)
(d:/Programs/LaTeX/TeXLive/2023/texmf-dist/tex/generic/pgfplots/pgfplots.errorb
ars.code.tex)
(d:/Programs/LaTeX/TeXLive/2023/texmf-dist/tex/generic/pgfplots/pgfplots.marker
s.code.tex)
(d:/Programs/LaTeX/TeXLive/2023/texmf-dist/tex/generic/pgfplots/pgfplotsticks.c
ode.tex)
(d:/Programs/LaTeX/TeXLive/2023/texmf-dist/tex/generic/pgfplots/pgfplots.paths.
code.tex)
(d:/Programs/LaTeX/TeXLive/2023/texmf-dist/tex/generic/pgf/frontendlayer/tikz/l
ibraries/tikzlibrarydecorations.pathreplacing.code.tex
(d:/Programs/LaTeX/TeXLive/2023/texmf-dist/tex/generic/pgf/libraries/decoration
s/pgflibrarydecorations.pathreplacing.code.tex))
(d:/Programs/LaTeX/TeXLive/2023/texmf-dist/tex/generic/pgfplots/libs/tikzlibrar
ypgfplots.contourlua.code.tex)
\pgfplots@numplots=\count369
\pgfplots@xmin@reg=\dimen334
\pgfplots@xmax@reg=\dimen335
\pgfplots@ymin@reg=\dimen336
\pgfplots@ymax@reg=\dimen337
\pgfplots@zmin@reg=\dimen338
\pgfplots@zmax@reg=\dimen339
)
(d:/Programs/LaTeX/TeXLive/2023/texmf-dist/tex/generic/pgf/frontendlayer/tikz/l
ibraries/tikzlibraryplotmarks.code.tex
File: tikzlibraryplotmarks.code.tex 2023-01-15 v3.1.10 (3.1.10)

(d:/Programs/LaTeX/TeXLive/2023/texmf-dist/tex/generic/pgf/libraries/pgflibrary
plotmarks.code.tex
File: pgflibraryplotmarks.code.tex 2023-01-15 v3.1.10 (3.1.10)
)))
(d:/Programs/LaTeX/TeXLive/2023/texmf-dist/tex/latex/pgfplots/pgfplotstable.sty

(d:/Programs/LaTeX/TeXLive/2023/texmf-dist/tex/generic/pgfplots/pgfplots.revisi
on.tex)
Package: pgfplotstable 2021/05/15 v1.18.1 Table typesetting and Pretty-printing
 (1.18.1)

(d:/Programs/LaTeX/TeXLive/2023/texmf-dist/tex/generic/pgfplots/numtable/pgfplo
tstable.code.tex
(d:/Programs/LaTeX/TeXLive/2023/texmf-dist/tex/generic/pgfplots/numtable/pgfplo
tstable.coltype.code.tex)))
(d:/Programs/LaTeX/TeXLive/2023/texmf-dist/tex/generic/pgf/frontendlayer/tikz/l
ibraries/tikzlibraryfpu.code.tex)
(d:/Programs/LaTeX/TeXLive/2023/texmf-dist/tex/generic/pgfplots/libs/tikzlibrar
ypgfplots.groupplots.code.tex
\pgfplots@group@current@plot=\count370
\pgfplots@group@current@row=\count371
\pgfplots@group@current@column=\count372
)
(d:/Programs/LaTeX/TeXLive/2023/texmf-dist/tex/generic/pgfplots/libs/tikzlibrar
ypgfplots.units.code.tex)
(d:/Programs/LaTeX/TeXLive/2023/texmf-dist/tex/generic/pgf/frontendlayer/tikz/l
ibraries/tikzlibrarydecorations.text.code.tex
(d:/Programs/LaTeX/TeXLive/2023/texmf-dist/tex/generic/pgf/libraries/decoration
s/pgflibrarydecorations.text.code.tex
\pgf@lib@dec@text@box=\box92
)
\tikz@lib@dec@te@box=\box93
)
(d:/Programs/LaTeX/TeXLive/2023/texmf-dist/tex/generic/pgf/libraries/pgflibrary
arrows.meta.code.tex
File: pgflibraryarrows.meta.code.tex 2023-01-15 v3.1.10 (3.1.10)
\pgfarrowinset=\dimen340
\pgfarrowlength=\dimen341
\pgfarrowwidth=\dimen342
\pgfarrowlinewidth=\dimen343
)
(d:/Programs/LaTeX/TeXLive/2023/texmf-dist/tex/generic/pgf/frontendlayer/tikz/l
ibraries/tikzlibrarybackgrounds.code.tex
File: tikzlibrarybackgrounds.code.tex 2023-01-15 v3.1.10 (3.1.10)
\pgf@layerbox@background=\box94
\pgf@layerboxsaved@background=\box95
)
(d:/Programs/LaTeX/TeXLive/2023/texmf-dist/tex/generic/pgf/frontendlayer/tikz/l
ibraries/tikzlibraryscopes.code.tex
File: tikzlibraryscopes.code.tex 2023-01-15 v3.1.10 (3.1.10)
)
(d:/Programs/LaTeX/TeXLive/2023/texmf-dist/tex/generic/pgf/frontendlayer/tikz/l
ibraries/tikzlibraryshapes.geometric.code.tex
File: tikzlibraryshapes.geometric.code.tex 2023-01-15 v3.1.10 (3.1.10)

(d:/Programs/LaTeX/TeXLive/2023/texmf-dist/tex/generic/pgf/libraries/shapes/pgf
libraryshapes.geometric.code.tex
File: pgflibraryshapes.geometric.code.tex 2023-01-15 v3.1.10 (3.1.10)
))
(d:/Programs/LaTeX/TeXLive/2023/texmf-dist/tex/latex/pgf/frontendlayer/librarie
s/tikzlibraryexternal.code.tex
(d:/Programs/LaTeX/TeXLive/2023/texmf-dist/tex/latex/base/atveryend-ltx.sty
Package: atveryend-ltx 2020/08/19 v1.0a Emulation of the original atveryend pac
kage
with kernel methods
)
(d:/Programs/LaTeX/TeXLive/2023/texmf-dist/tex/generic/pgf/frontendlayer/tikz/l
ibraries/tikzexternalshared.code.tex))
(d:/Programs/LaTeX/TeXLive/2023/texmf-dist/tex/latex/titlesec/titlesec.sty
Package: titlesec 2023/10/17 v2.15 Sectioning titles
\ttl@box=\box96
\beforetitleunit=\skip98
\aftertitleunit=\skip99
\ttl@plus=\dimen344
\ttl@minus=\dimen345
\ttl@toksa=\toks60
\titlewidth=\dimen346
\titlewidthlast=\dimen347
\titlewidthfirst=\dimen348

(d:/Programs/LaTeX/TeXLive/2023/texmf-dist/tex/latex/titlesec/titleps.sty))
(d:/Programs/LaTeX/TeXLive/2023/texmf-dist/tex/latex/titlesec/titletoc.sty
Package: titletoc 2023/10/17 v2.15 TOC entries
\ttl@leftsep=\dimen349
)
(d:/Programs/LaTeX/TeXLive/2023/texmf-dist/tex/latex/enumitem/enumitem.sty
Package: enumitem 2019/06/20 v3.9 Customized lists
\labelindent=\skip100
\enit@outerparindent=\dimen350
\enit@toks=\toks61
\enit@inbox=\box97
\enit@count@id=\count373
\enitdp@description=\count374
)
\bibitemsep=\skip101
\bibparskip=\skip102

(d:/Programs/LaTeX/TeXLive/2023/texmf-dist/tex/latex/biblatex/biblatex.sty
Package: biblatex 2023/03/05 v3.19 programmable bibliographies (PK/MW)

(d:/Programs/LaTeX/TeXLive/2023/texmf-dist/tex/latex/logreq/logreq.sty
Package: logreq 2010/08/04 v1.0 xml request logger
\lrq@indent=\count375

(d:/Programs/LaTeX/TeXLive/2023/texmf-dist/tex/latex/logreq/logreq.def
File: logreq.def 2010/08/04 v1.0 logreq spec v1.0
))
(d:/Programs/LaTeX/TeXLive/2023/texmf-dist/tex/latex/url/url.sty
\Urlmuskip=\muskip17
Package: url 2013/09/16  ver 3.4  Verb mode for urls, etc.
)
\c@tabx@nest=\count376
\c@listtotal=\count377
\c@listcount=\count378
\c@liststart=\count379
\c@liststop=\count380
\c@citecount=\count381
\c@citetotal=\count382
\c@multicitecount=\count383
\c@multicitetotal=\count384
\c@instcount=\count385
\c@maxnames=\count386
\c@minnames=\count387
\c@maxitems=\count388
\c@minitems=\count389
\c@citecounter=\count390
\c@maxcitecounter=\count391
\c@savedcitecounter=\count392
\c@uniquelist=\count393
\c@uniquename=\count394
\c@refsection=\count395
\c@refsegment=\count396
\c@maxextratitle=\count397
\c@maxextratitleyear=\count398
\c@maxextraname=\count399
\c@maxextradate=\count400
\c@maxextraalpha=\count401
\c@abbrvpenalty=\count402
\c@highnamepenalty=\count403
\c@lownamepenalty=\count404
\c@maxparens=\count405
\c@parenlevel=\count406
\blx@tempcnta=\count407
\blx@tempcntb=\count408
\blx@tempcntc=\count409
\c@blx@maxsection=\count410
\blx@maxsegment@0=\count411
\blx@notetype=\count412
\blx@parenlevel@text=\count413
\blx@parenlevel@foot=\count414
\blx@sectionciteorder@0=\count415
\blx@sectionciteorderinternal@0=\count416
\blx@entrysetcounter=\count417
\blx@biblioinstance=\count418
\labelnumberwidth=\skip103
\labelalphawidth=\skip104
\biblabelsep=\skip105
\bibnamesep=\skip106
\bibinitsep=\skip107
\bibparsep=\skip108
\bibhang=\skip109
\blx@bcfin=\read5
\blx@bcfout=\write4
\blx@langwohyphens=\language89
\c@mincomprange=\count419
\c@maxcomprange=\count420
\c@mincompwidth=\count421
Package biblatex Info: Trying to load biblatex default data model...
Package biblatex Info: ... file 'blx-dm.def' found.

(d:/Programs/LaTeX/TeXLive/2023/texmf-dist/tex/latex/biblatex/blx-dm.def
File: blx-dm.def 2023/03/05 v3.19 biblatex localization (PK/MW)
)
Package biblatex Info: Trying to load biblatex style data model...
Package biblatex Info: ... file 'numeric-comp.dbx' not found.
Package biblatex Info: Trying to load biblatex custom data model...
Package biblatex Info: ... file 'biblatex-dm.cfg' not found.
\c@afterword=\count422
\c@savedafterword=\count423
\c@annotator=\count424
\c@savedannotator=\count425
\c@author=\count426
\c@savedauthor=\count427
\c@bookauthor=\count428
\c@savedbookauthor=\count429
\c@commentator=\count430
\c@savedcommentator=\count431
\c@editor=\count432
\c@savededitor=\count433
\c@editora=\count434
\c@savededitora=\count435
\c@editorb=\count436
\c@savededitorb=\count437
\c@editorc=\count438
\c@savededitorc=\count439
\c@foreword=\count440
\c@savedforeword=\count441
\c@holder=\count442
\c@savedholder=\count443
\c@introduction=\count444
\c@savedintroduction=\count445
\c@namea=\count446
\c@savednamea=\count447
\c@nameb=\count448
\c@savednameb=\count449
\c@namec=\count450
\c@savednamec=\count451
\c@translator=\count452
\c@savedtranslator=\count453
\c@shortauthor=\count454
\c@savedshortauthor=\count455
\c@shorteditor=\count456
\c@savedshorteditor=\count457
\c@labelname=\count458
\c@savedlabelname=\count459
\c@institution=\count460
\c@savedinstitution=\count461
\c@lista=\count462
\c@savedlista=\count463
\c@listb=\count464
\c@savedlistb=\count465
\c@listc=\count466
\c@savedlistc=\count467
\c@listd=\count468
\c@savedlistd=\count469
\c@liste=\count470
\c@savedliste=\count471
\c@listf=\count472
\c@savedlistf=\count473
\c@location=\count474
\c@savedlocation=\count475
\c@organization=\count476
\c@savedorganization=\count477
\c@origlocation=\count478
\c@savedoriglocation=\count479
\c@origpublisher=\count480
\c@savedorigpublisher=\count481
\c@publisher=\count482
\c@savedpublisher=\count483
\c@language=\count484
\c@savedlanguage=\count485
\c@origlanguage=\count486
\c@savedoriglanguage=\count487
\c@pageref=\count488
\c@savedpageref=\count489
\shorthandwidth=\skip110
\shortjournalwidth=\skip111
\shortserieswidth=\skip112
\shorttitlewidth=\skip113
\shortauthorwidth=\skip114
\shorteditorwidth=\skip115
\locallabelnumberwidth=\skip116
\locallabelalphawidth=\skip117
\localshorthandwidth=\skip118
\localshortjournalwidth=\skip119
\localshortserieswidth=\skip120
\localshorttitlewidth=\skip121
\localshortauthorwidth=\skip122
\localshorteditorwidth=\skip123
Package biblatex Info: Trying to load enhanced support for Unicode engines...
Package biblatex Info: ... file 'blx-unicode.def' found.

(d:/Programs/LaTeX/TeXLive/2023/texmf-dist/tex/latex/biblatex/blx-unicode.def)
Package biblatex Info: Trying to load compatibility code...
Package biblatex Info: ... file 'blx-compat.def' found.

(d:/Programs/LaTeX/TeXLive/2023/texmf-dist/tex/latex/biblatex/blx-compat.def
File: blx-compat.def 2023/03/05 v3.19 biblatex compatibility (PK/MW)
)
Package biblatex Info: Trying to load generic definitions...
Package biblatex Info: ... file 'biblatex.def' found.

(d:/Programs/LaTeX/TeXLive/2023/texmf-dist/tex/latex/biblatex/biblatex.def
File: biblatex.def 2023/03/05 v3.19 biblatex compatibility (PK/MW)
\c@textcitecount=\count490
\c@textcitetotal=\count491
\c@textcitemaxnames=\count492
\c@biburlbigbreakpenalty=\count493
\c@biburlbreakpenalty=\count494
\c@biburlnumpenalty=\count495
\c@biburlucpenalty=\count496
\c@biburllcpenalty=\count497
\biburlbigskip=\muskip18
\biburlnumskip=\muskip19
\biburlucskip=\muskip20
\biburllcskip=\muskip21
\c@smartand=\count498
)
Package biblatex Info: Trying to load bibliography style 'numeric-comp'...
Package biblatex Info: ... file 'numeric-comp.bbx' found.

(d:/Programs/LaTeX/TeXLive/2023/texmf-dist/tex/latex/biblatex/bbx/numeric-comp.
bbx
File: numeric-comp.bbx 2023/03/05 v3.19 biblatex bibliography style (PK/MW)
Package biblatex Info: Trying to load bibliography style 'numeric'...
Package biblatex Info: ... file 'numeric.bbx' found.

(d:/Programs/LaTeX/TeXLive/2023/texmf-dist/tex/latex/biblatex/bbx/numeric.bbx
File: numeric.bbx 2023/03/05 v3.19 biblatex bibliography style (PK/MW)
Package biblatex Info: Trying to load bibliography style 'standard'...
Package biblatex Info: ... file 'standard.bbx' found.

(d:/Programs/LaTeX/TeXLive/2023/texmf-dist/tex/latex/biblatex/bbx/standard.bbx
File: standard.bbx 2023/03/05 v3.19 biblatex bibliography style (PK/MW)
\c@bbx:relatedcount=\count499
\c@bbx:relatedtotal=\count500
)))
Package biblatex Info: Trying to load citation style 'numeric-comp'...
Package biblatex Info: ... file 'numeric-comp.cbx' found.

(d:/Programs/LaTeX/TeXLive/2023/texmf-dist/tex/latex/biblatex/cbx/numeric-comp.
cbx
File: numeric-comp.cbx 2023/03/05 v3.19 biblatex citation style (PK/MW)
\c@cbx@tempcnta=\count501
\c@cbx@tempcntb=\count502
\c@cbx@tempcntc=\count503
\c@cbx@tempcntd=\count504
Package biblatex Info: Redefining '\cite'.
Package biblatex Info: Redefining '\parencite'.
Package biblatex Info: Redefining '\footcite'.
Package biblatex Info: Redefining '\footcitetext'.
Package biblatex Info: Redefining '\smartcite'.
Package biblatex Info: Redefining '\supercite'.
Package biblatex Info: Redefining '\textcite'.
Package biblatex Info: Redefining '\textcites'.
Package biblatex Info: Redefining '\cites'.
Package biblatex Info: Redefining '\parencites'.
Package biblatex Info: Redefining '\smartcites'.
)
Package biblatex Info: Trying to load configuration file...
Package biblatex Info: ... file 'biblatex.cfg' found.
 (d:/Programs/LaTeX/TeXLive/2023/texmf-dist/tex/latex/biblatex/biblatex.cfg
File: biblatex.cfg 
)

Package biblatex Warning: 'babel' option is deprecated.
(biblatex)                Please use 'autolang' instead.

Package biblatex Info: LuaTeX detected.
(biblatex)             Assuming input encoding 'utf8'.
Package biblatex Info: Document encoding is UTF8 ....
Package biblatex Info: ... and expl3
(biblatex)             2023-10-10 L3 programming layer (loader) 
(biblatex)             is new enough (at least 2020/04/06),
(biblatex)             setting 'casechanger=expl3'.

(d:/Programs/LaTeX/TeXLive/2023/texmf-dist/tex/latex/biblatex/blx-case-expl3.st
y
Package: blx-case-expl3 2023/03/05 v3.19 expl3 case changing code for biblatex
)) (d:/Programs/LaTeX/TeXLive/2023/texmf-dist/tex/latex/hyperref/hyperref.sty
Package: hyperref 2023-07-08 v7.01b Hypertext links for LaTeX

(d:/Programs/LaTeX/TeXLive/2023/texmf-dist/tex/generic/kvdefinekeys/kvdefinekey
s.sty
Package: kvdefinekeys 2019-12-19 v1.6 Define keys (HO)
)
(d:/Programs/LaTeX/TeXLive/2023/texmf-dist/tex/generic/pdfescape/pdfescape.sty
Package: pdfescape 2019/12/09 v1.15 Implements pdfTeX's escape features (HO)
) (d:/Programs/LaTeX/TeXLive/2023/texmf-dist/tex/latex/hycolor/hycolor.sty
Package: hycolor 2020-01-27 v1.10 Color options for hyperref/bookmark (HO)
)
(d:/Programs/LaTeX/TeXLive/2023/texmf-dist/tex/latex/letltxmacro/letltxmacro.st
y
Package: letltxmacro 2019/12/03 v1.6 Let assignment for LaTeX macros (HO)
) (d:/Programs/LaTeX/TeXLive/2023/texmf-dist/tex/latex/auxhook/auxhook.sty
Package: auxhook 2019-12-17 v1.6 Hooks for auxiliary files (HO)
)
(d:/Programs/LaTeX/TeXLive/2023/texmf-dist/tex/latex/hyperref/nameref.sty
Package: nameref 2023-08-07 v2.53 Cross-referencing by name of section

(d:/Programs/LaTeX/TeXLive/2023/texmf-dist/tex/latex/refcount/refcount.sty
Package: refcount 2019/12/15 v3.6 Data extraction from label references (HO)
)
(d:/Programs/LaTeX/TeXLive/2023/texmf-dist/tex/generic/gettitlestring/gettitles
tring.sty
Package: gettitlestring 2019/12/15 v1.6 Cleanup title references (HO)
)
\c@section@level=\count505
)
\@linkdim=\dimen351
\Hy@linkcounter=\count506
\Hy@pagecounter=\count507

(d:/Programs/LaTeX/TeXLive/2023/texmf-dist/tex/latex/hyperref/pd1enc.def
File: pd1enc.def 2023-07-08 v7.01b Hyperref: PDFDocEncoding definition (HO)
)
(d:/Programs/LaTeX/TeXLive/2023/texmf-dist/tex/generic/intcalc/intcalc.sty
Package: intcalc 2019/12/15 v1.3 Expandable calculations with integers (HO)
)
\Hy@SavedSpaceFactor=\count508

(d:/Programs/LaTeX/TeXLive/2023/texmf-dist/tex/latex/hyperref/puenc.def
File: puenc.def 2023-07-08 v7.01b Hyperref: PDF Unicode definition (HO)
)
Package hyperref Info: Option `unicode' set `true' on input line 3153.
Package hyperref Info: Option `colorlinks' set `true' on input line 4050.
Package hyperref Info: Option `bookmarks' set `true' on input line 4050.
Package hyperref Info: Option `bookmarksnumbered' set `true' on input line 4050
.
Package hyperref Info: Option `unicode' set `true' on input line 4050.
Package hyperref Info: Option `linktocpage' set `true' on input line 4050.
Package hyperref Info: Option `hypertexnames' set `false' on input line 4050.
Package hyperref Info: Option `pdftoolbar' set `false' on input line 4050.
Package hyperref Info: Option `pdfdisplaydoctitle' set `true' on input line 405
0.
Package hyperref Info: Option `unicode' set `true' on input line 4050.

(d:/Programs/LaTeX/TeXLive/2023/texmf-dist/tex/generic/stringenc/stringenc.sty
Package: stringenc 2019/11/29 v1.12 Convert strings between diff. encodings (HO
)
)
Package hyperref Info: Hyper figures OFF on input line 4167.
Package hyperref Info: Link nesting OFF on input line 4172.
Package hyperref Info: Hyper index ON on input line 4175.
Package hyperref Info: Plain pages OFF on input line 4182.
Package hyperref Info: Backreferencing OFF on input line 4187.
Package hyperref Info: Implicit mode ON; LaTeX internals redefined.
Package hyperref Info: Bookmarks ON on input line 4434.
\c@Hy@tempcnt=\count509
LaTeX Info: Redefining \url on input line 4772.
\XeTeXLinkMargin=\dimen352
(d:/Programs/LaTeX/TeXLive/2023/texmf-dist/tex/generic/bitset/bitset.sty
Package: bitset 2019/12/09 v1.3 Handle bit-vector datatype (HO)

(d:/Programs/LaTeX/TeXLive/2023/texmf-dist/tex/generic/bigintcalc/bigintcalc.st
y
Package: bigintcalc 2019/12/15 v1.5 Expandable calculations on big integers (HO
)
))
\Fld@menulength=\count510
\Field@Width=\dimen353
\Fld@charsize=\dimen354
Package hyperref Info: Hyper figures OFF on input line 6051.
Package hyperref Info: Link nesting OFF on input line 6056.
Package hyperref Info: Hyper index ON on input line 6059.
Package hyperref Info: backreferencing OFF on input line 6066.
Package hyperref Info: Link coloring ON on input line 6069.
Package hyperref Info: Link coloring with OCG OFF on input line 6076.
Package hyperref Info: PDF/A mode OFF on input line 6081.
 (d:/Programs/LaTeX/TeXLive/2023/texmf-dist/tex/latex/base/atbegshi-ltx.sty
Package: atbegshi-ltx 2021/01/10 v1.0c Emulation of the original atbegshi
package with kernel methods
)
\Hy@abspage=\count511
\c@Item=\count512
\c@Hfootnote=\count513
)
Package hyperref Info: Driver (autodetected): hluatex.
 (d:/Programs/LaTeX/TeXLive/2023/texmf-dist/tex/latex/hyperref/hluatex.def
File: hluatex.def 2023-07-08 v7.01b Hyperref driver for luaTeX
\Fld@listcount=\count514
\c@bookmark@seq@number=\count515

(d:/Programs/LaTeX/TeXLive/2023/texmf-dist/tex/latex/rerunfilecheck/rerunfilech
eck.sty
Package: rerunfilecheck 2022-07-10 v1.10 Rerun checks for auxiliary files (HO)

(d:/Programs/LaTeX/TeXLive/2023/texmf-dist/tex/generic/uniquecounter/uniquecoun
ter.sty
Package: uniquecounter 2019/12/15 v1.4 Provide unlimited unique counter (HO)
)
Package uniquecounter Info: New unique counter `rerunfilecheck' on input line 2
85.
)
\Hy@SectionHShift=\skip124
)
(d:/Programs/LaTeX/TeXLive/2023/texmf-dist/tex/latex/oberdiek/hypcap.sty
Package: hypcap 2016/05/16 v1.12 Adjusting the anchors of captions (HO)
)
(d:/Programs/LaTeX/TeXLive/2023/texmf-dist/tex/latex/bookmark/bookmark.sty
Package: bookmark 2020-11-06 v1.29 PDF bookmarks (HO)

(d:/Programs/LaTeX/TeXLive/2023/texmf-dist/tex/latex/bookmark/bkm-pdftex.def
File: bkm-pdftex.def 2020-11-06 v1.29 bookmark driver for pdfTeX (HO)
\BKM@id=\count516
))) (./CoverPage.tex)

Package biblatex Warning: 'babel/polyglossia' detected but 'csquotes' missing.
(biblatex)                Loading 'csquotes' recommended.

\@quotelevel=\count517
\@quotereset=\count518
(./LabWork.aux)
\openout1 = LabWork.aux

LaTeX Font Info:    Checking defaults for OML/cmm/m/it on input line 34.
LaTeX Font Info:    ... okay on input line 34.
LaTeX Font Info:    Checking defaults for OMS/cmsy/m/n on input line 34.
LaTeX Font Info:    ... okay on input line 34.
LaTeX Font Info:    Checking defaults for OT1/cmr/m/n on input line 34.
LaTeX Font Info:    ... okay on input line 34.
LaTeX Font Info:    Checking defaults for T1/cmr/m/n on input line 34.
LaTeX Font Info:    ... okay on input line 34.
LaTeX Font Info:    Checking defaults for TS1/cmr/m/n on input line 34.
LaTeX Font Info:    Trying to load font information for TS1+cmr on input line 3
4.

(d:/Programs/LaTeX/TeXLive/2023/texmf-dist/tex/latex/base/ts1cmr.fd
File: ts1cmr.fd 2023/04/13 v2.5m Standard LaTeX font definitions
)
LaTeX Font Info:    ... okay on input line 34.
LaTeX Font Info:    Checking defaults for TU/lmr/m/n on input line 34.
LaTeX Font Info:    ... okay on input line 34.
LaTeX Font Info:    Checking defaults for OMX/cmex/m/n on input line 34.
LaTeX Font Info:    ... okay on input line 34.
LaTeX Font Info:    Checking defaults for U/cmr/m/n on input line 34.
LaTeX Font Info:    ... okay on input line 34.
LaTeX Font Info:    Checking defaults for PD1/pdf/m/n on input line 34.
LaTeX Font Info:    ... okay on input line 34.
LaTeX Font Info:    Checking defaults for PU/pdf/m/n on input line 34.
LaTeX Font Info:    ... okay on input line 34.

*geometry* driver: auto-detecting
*geometry* detected driver: luatex
*geometry* verbose mode - [ preamble ] result:
* driver: luatex
* paper: a4paper
* layout: <same size as paper>
* layoutoffset:(h,v)=(0.0pt,0.0pt)
* modes: twoside 
* h-part:(L,W,R)=(56.9055pt, 483.69687pt, 56.9055pt)
* v-part:(T,H,B)=(56.9055pt, 731.23584pt, 56.9055pt)
* \paperwidth=597.50787pt
* \paperheight=845.04684pt
* \textwidth=483.69687pt
* \textheight=731.23584pt
* \oddsidemargin=-15.36449pt
* \evensidemargin=-15.36449pt
* \topmargin=-37.90039pt
* \headheight=14.0pt
* \headsep=8.5359pt
* \topskip=14.0pt
* \footskip=28.45274pt
* \marginparwidth=71.0pt
* \marginparsep=10.0pt
* \columnsep=10.0pt
* \skip\footins=12.0pt plus 4.0pt minus 2.0pt
* \hoffset=0.0pt
* \voffset=0.0pt
* \mag=1000
* \@twocolumnfalse
* \@twosidetrue
* \@mparswitchtrue
* \@reversemarginfalse
* (1in=72.27pt=25.4mm, 1cm=28.453pt)


Package fontspec Info: Adjusting the maths setup (use [no-math] to avoid
(fontspec)             this).

\symlegacymaths=\mathgroup5
LaTeX Font Info:    Overwriting symbol font `legacymaths' in version `bold'
(Font)                  OT1/cmr/m/n --> OT1/cmr/bx/n on input line 34.
LaTeX Font Info:    Redeclaring math accent \acute on input line 34.
LaTeX Font Info:    Redeclaring math accent \grave on input line 34.
LaTeX Font Info:    Redeclaring math accent \ddot on input line 34.
LaTeX Font Info:    Redeclaring math accent \tilde on input line 34.
LaTeX Font Info:    Redeclaring math accent \bar on input line 34.
LaTeX Font Info:    Redeclaring math accent \breve on input line 34.
LaTeX Font Info:    Redeclaring math accent \check on input line 34.
LaTeX Font Info:    Redeclaring math accent \hat on input line 34.
LaTeX Font Info:    Redeclaring math accent \dot on input line 34.
LaTeX Font Info:    Redeclaring math accent \mathring on input line 34.
LaTeX Font Info:    Redeclaring math symbol \Gamma on input line 34.
LaTeX Font Info:    Redeclaring math symbol \Delta on input line 34.
LaTeX Font Info:    Redeclaring math symbol \Theta on input line 34.
LaTeX Font Info:    Redeclaring math symbol \Lambda on input line 34.
LaTeX Font Info:    Redeclaring math symbol \Xi on input line 34.
LaTeX Font Info:    Redeclaring math symbol \Pi on input line 34.
LaTeX Font Info:    Redeclaring math symbol \Sigma on input line 34.
LaTeX Font Info:    Redeclaring math symbol \Upsilon on input line 34.
LaTeX Font Info:    Redeclaring math symbol \Phi on input line 34.
LaTeX Font Info:    Redeclaring math symbol \Psi on input line 34.
LaTeX Font Info:    Redeclaring math symbol \Omega on input line 34.
LaTeX Font Info:    Redeclaring math symbol \mathdollar on input line 34.
LaTeX Font Info:    Redeclaring symbol font `operators' on input line 34.
LaTeX Font Info:    Encoding `OT1' has changed to `TU' for symbol font
(Font)              `operators' in the math version `normal' on input line 34.
LaTeX Font Info:    Overwriting symbol font `operators' in version `normal'
(Font)                  OT1/cmr/m/n --> TU/stix(0)/m/n on input line 34.
LaTeX Font Info:    Encoding `OT1' has changed to `TU' for symbol font
(Font)              `operators' in the math version `bold' on input line 34.
LaTeX Font Info:    Overwriting symbol font `operators' in version `bold'
(Font)                  OT1/cmr/bx/n --> TU/stix(0)/m/n on input line 34.
LaTeX Font Info:    Overwriting symbol font `operators' in version `normal'
(Font)                  TU/stix(0)/m/n --> TU/stix(0)/m/n on input line 34.
LaTeX Font Info:    Overwriting math alphabet `\mathit' in version `normal'
(Font)                  OT1/cmr/m/it --> TU/stix(0)/m/it on input line 34.
LaTeX Font Info:    Overwriting math alphabet `\mathbf' in version `normal'
(Font)                  OT1/cmr/bx/n --> TU/stix(0)/b/n on input line 34.
LaTeX Font Info:    Overwriting math alphabet `\mathsf' in version `normal'
(Font)                  OT1/cmss/m/n --> TU/CMUSansSerif(0)/m/n on input line 3
4.
LaTeX Font Info:    Overwriting math alphabet `\mathtt' in version `normal'
(Font)                  OT1/cmtt/m/n --> TU/CMUTypewriterText(0)/m/n on input l
ine 34.
LaTeX Font Info:    Overwriting symbol font `operators' in version `bold'
(Font)                  TU/stix(0)/m/n --> TU/stix(0)/b/n on input line 34.
LaTeX Font Info:    Overwriting math alphabet `\mathit' in version `bold'
(Font)                  OT1/cmr/bx/it --> TU/stix(0)/b/it on input line 34.
LaTeX Font Info:    Overwriting math alphabet `\mathsf' in version `bold'
(Font)                  OT1/cmss/bx/n --> TU/CMUSansSerif(0)/b/n on input line 
34.
LaTeX Font Info:    Overwriting math alphabet `\mathtt' in version `bold'
(Font)                  OT1/cmtt/m/n --> TU/CMUTypewriterText(0)/b/n on input l
ine 34.
(d:/Programs/LaTeX/TeXLive/2023/texmf-dist/tex/context/base/mkii/supp-pdf.mkii
[Loading MPS to PDF converter (version 2006.09.02).]
\scratchcounter=\count519
\scratchdimen=\dimen355
\scratchbox=\box98
\nofMPsegments=\count520
\nofMParguments=\count521
\everyMPshowfont=\toks62
\MPscratchCnt=\count522
\MPscratchDim=\dimen356
\MPnumerator=\count523
\makeMPintoPDFobject=\count524
\everyMPtoPDFconversion=\toks63
)
(d:/Programs/LaTeX/TeXLive/2023/texmf-dist/tex/latex/epstopdf-pkg/epstopdf-base
.sty
Package: epstopdf-base 2020-01-24 v2.11 Base part for package epstopdf
 (d:/Programs/LaTeX/TeXLive/2023/texmf-dist/tex/latex/grfext/grfext.sty
Package: grfext 2019/12/03 v1.3 Manage graphics extensions (HO)
)
Package epstopdf-base Info: Redefining graphics rule for `.eps' on input line 4
85.
Package grfext Info: Graphics extension search list:
(grfext)             [.pdf,.png,.jpg,.mps,.jpeg,.jbig2,.jb2,.PDF,.PNG,.JPG,.JPE
G,.JBIG2,.JB2,.eps]
(grfext)             \AppendGraphicsExtensions on input line 504.

(d:/Programs/LaTeX/TeXLive/2023/texmf-dist/tex/latex/latexconfig/epstopdf-sys.c
fg
File: epstopdf-sys.cfg 2010/07/13 v1.3 Configuration of (r)epstopdf for TeX Liv
e
))
LaTeX Info: Redefining \th on input line 34.
LaTeX Info: Redefining \microtypecontext on input line 34.
Package microtype Info: Applying patch `item' on input line 34.
Package microtype Info: Applying patch `toc' on input line 34.
Package microtype Info: Applying patch `eqnum' on input line 34.
Package microtype Info: Applying patch `footnote' on input line 34.
Package microtype Info: Applying patch `verbatim' on input line 34.
Package microtype Info: Generating PDF output.
Package microtype Info: Character protrusion enabled (level 2).
Package microtype Info: Using default protrusion set `alltext'.
Package microtype Info: Automatic font expansion enabled (level 2),
(microtype)             stretch: 20, shrink: 20, step: 1, non-selected.
Package microtype Info: Using default expansion set `alltext-nott'.
LaTeX Info: Redefining \showhyphens on input line 34.
Package microtype Info: No adjustment of tracking.
Package microtype Info: No adjustment of spacing.
Package microtype Info: No adjustment of kerning.
 (d:/Programs/LaTeX/TeXLive/2023/texmf-dist/tex/latex/microtype/mt-ptm.cfg
File: mt-ptm.cfg 2006/04/20 v1.7 microtype config. file: Times (RS)
)
Package microtype Info: Loading generic protrusion settings for font family
(microtype)             `stix' (encoding: TU).
(microtype)             For optimal results, create family-specific settings.
(microtype)             See the microtype manual for details.
(d:/Programs/LaTeX/TeXLive/2023/texmf-dist/tex/latex/pdflscape/pdflscape.sty
Package: pdflscape 2022-10-27 v0.13 Display of landscape pages in PDF

(d:/Programs/LaTeX/TeXLive/2023/texmf-dist/tex/latex/pdflscape/pdflscape-nometa
data.sty
Package: pdflscape-nometadata 2022-10-28 v0.13 Display of landscape pages in PD
F (HO)

(d:/Programs/LaTeX/TeXLive/2023/texmf-dist/tex/latex/graphics/lscape.sty
Package: lscape 2020/05/28 v3.02 Landscape Pages (DPC)
)
Package pdflscape Info: Auto-detected driver: pdftex on input line 81.
))
Package caption Info: Begin \AtBeginDocument code.
Package caption Info: hyperref package is loaded.
Package caption Info: hypcap package is loaded.
Package caption Info: listings package is loaded.
Package caption Info: longtable package is loaded.

(d:/Programs/LaTeX/TeXLive/2023/texmf-dist/tex/latex/caption/ltcaption.sty
Package: ltcaption 2021/01/08 v1.4c longtable captions (AR)
)
Package caption Info: End \AtBeginDocument code.

Package chemgreek Info: Activating mapping `fontspec' on line 34.

\c@lstlisting=\count525


Package pgfplots Warning: running in backwards compatibility mode (unsuitable t
ick labels; missing features). Consider writing \pgfplotsset{compat=1.18} into 
your preamble.
 on input line 34.

Package biblatex Info: Trying to load language 'ukrainian'...
Package biblatex Info: ... file 'ukrainian.lbx' found.

(d:/Programs/LaTeX/TeXLive/2023/texmf-dist/tex/latex/biblatex/lbx/ukrainian.lbx
File: ukrainian.lbx 2023/03/05 v3.19 biblatex localization (PK/MW)
)
Package biblatex Info: Trying to load language 'russian'...
Package biblatex Info: ... file 'russian.lbx' found.
 (d:/Programs/LaTeX/TeXLive/2023/texmf-dist/tex/latex/biblatex/lbx/russian.lbx
File: russian.lbx 2023/03/05 v3.19 biblatex localization (PK/MW)
)
Package biblatex Info: Trying to load language 'english'...
Package biblatex Info: ... file 'english.lbx' found.
 (d:/Programs/LaTeX/TeXLive/2023/texmf-dist/tex/latex/biblatex/lbx/english.lbx
File: english.lbx 2023/03/05 v3.19 biblatex localization (PK/MW)
)
Package biblatex Info: LuaTeX detected.
(biblatex)             Assuming input encoding 'utf8'.
Package biblatex Info: Automatic encoding selection.
(biblatex)             Assuming data encoding 'utf8'.

\openout4 = LabWork.bcf
Package biblatex Info: Trying to load bibliographic data...
Package biblatex Info: ... file 'LabWork.bbl' found.
 (./LabWork.bbl)
Package biblatex Info: Reference section=0 on input line 34.
Package biblatex Info: Reference segment=0 on input line 34.
Package hyperref Info: Link coloring ON on input line 34.
Package microtype Info: Loading generic protrusion settings for font family
(microtype)             `CMUSansSerif' (encoding: TU).
(microtype)             For optimal results, create family-specific settings.
(microtype)             See the microtype manual for details.
<logo_PTI.pdf, id=43, 144.19972pt x 144.19472pt>
File: logo_PTI.pdf Graphic file (type pdf)
<use logo_PTI.pdf>
Package luatex.def Info: logo_PTI.pdf  used on input line 35.
(luatex.def)             Requested size: 144.19937pt x 144.19435pt.
 [1


{d:/Programs/LaTeX/TeXLive/2023/texmf-var/fonts/map/pdftex/updmap/pdftex.map}<./
logo_PTI.pdf>] [1


] (./LabWork.toc)
\tf@toc=\write5

\openout5 = LabWork.toc

(./LabCoulombs/LabCoulombs.tex [2


]
 1.

Underfull \hbox (badness 10000) in paragraph at lines 30--30

 []


Underfull \hbox (badness 10000) in paragraph at lines 30--30

 []


Underfull \hbox (badness 10000) in paragraph at lines 34--36

 []


Underfull \hbox (badness 10000) in paragraph at lines 36--38

 []


Underfull \hbox (badness 10000) in paragraph at lines 38--40

 []

[3

]
LaTeX Font Info:    Trying to load font information for U+esint on input line 5
1.
 (d:/Programs/LaTeX/TeXLive/2023/texmf-dist/tex/latex/esint/uesint.fd
File: uesint.fd 
)
(d:/Programs/LaTeX/TeXLive/2023/texmf-dist/tex/latex/microtype/mt-cmr.cfg
File: mt-cmr.cfg 2013/05/19 v2.2 microtype config. file: Computer Modern Roman 
(RS)
)
[4] [5]
Package microtype Info: Loading generic protrusion settings for font family
(microtype)             `CMUTypewriterText' (encoding: TU).
(microtype)             For optimal results, create family-specific settings.
(microtype)             See the microtype manual for details.
 [6]
Underfull \hbox (badness 6396) in paragraph at lines 173--174
[]\TU/stix(0)/m/n/14.4  --- ----

 []

<LabCoulombs/pic/ChargeImage.png, id=131, 963.6pt x 803.0pt>
File: LabCoulombs/pic/ChargeImage.png Graphic file (type png)
<use LabCoulombs/pic/ChargeImage.png>
Package luatex.def Info: LabCoulombs/pic/ChargeImage.png  used on input line 18
2.
(luatex.def)             Requested size: 145.11053pt x 120.92265pt.
[7<./LabCoulombs/pic/ChargeImage.png>]
<LabCoulombs/pic/ColumbTorsiomBalance.png, id=147, 153.4533pt x 201.6333pt>
File: LabCoulombs/pic/ColumbTorsiomBalance.png Graphic file (type png)
<use LabCoulombs/pic/ColumbTorsiomBalance.png>
Package luatex.def Info: LabCoulombs/pic/ColumbTorsiomBalance.png  used on inpu
t line 197.
(luatex.def)             Requested size: 202.42416pt x 266.00601pt.
<LabCoulombs/pic/Installation.png, id=148, 461.47406pt x 597.73312pt>
File: LabCoulombs/pic/Installation.png Graphic file (type png)
<use LabCoulombs/pic/Installation.png>
Package luatex.def Info: LabCoulombs/pic/Installation.png  used on input line 2
05.
(luatex.def)             Requested size: 204.6029pt x 265.00993pt.
<LabCoulombs/pic/TorsionDynamometer.png, id=151, 130.3269pt x 190.0701pt>
File: LabCoulombs/pic/TorsionDynamometer.png Graphic file (type png)
<use LabCoulombs/pic/TorsionDynamometer.png>
Package luatex.def Info: LabCoulombs/pic/TorsionDynamometer.png  used on input 
line 227.
(luatex.def)             Requested size: 204.6029pt x 298.42517pt.
<LabCoulombs/pic/DCPower.png, id=152, 206.2104pt x 285.9483pt>
File: LabCoulombs/pic/DCPower.png Graphic file (type png)
<use LabCoulombs/pic/DCPower.png>
Package luatex.def Info: LabCoulombs/pic/DCPower.png  used on input line 235.
(luatex.def)             Requested size: 204.6029pt x 283.7267pt.
 [8<./LabCoulombs/pic/ColumbTorsiomBalance.png><./LabCoulombs/pic/Installation.p
ng>] [9<./LabCoulombs/pic/TorsionDynamometer.png><./LabCoulombs/pic/DCPower.png>
]) (./LabMomentum/LabMomentum.tex
[10]
 2.

Underfull \hbox (badness 10000) in paragraph at lines 24--24

 []


Underfull \hbox (badness 10000) in paragraph at lines 24--24

 []

[11

]
<LabMomentum/pic/corksckrew.png, id=205, 86.2422pt x 69.3792pt>
File: LabMomentum/pic/corksckrew.png Graphic file (type png)
<use LabMomentum/pic/corksckrew.png>
Package luatex.def Info: LabMomentum/pic/corksckrew.png  used on input line 63.

(luatex.def)             Requested size: 86.24197pt x 69.37901pt.
 [12<./LabMomentum/pic/corksckrew.png>]
<LabMomentum/pic/Helmholtz_coils.png, id=227, 1027.84pt x 1102.1175pt>
File: LabMomentum/pic/Helmholtz_coils.png Graphic file (type png)
<use LabMomentum/pic/Helmholtz_coils.png>
Package luatex.def Info: LabMomentum/pic/Helmholtz_coils.png  used on input lin
e 104.
(luatex.def)             Requested size: 174.13034pt x 186.70163pt.
<LabMomentum/pic/Helmholtz_coils_field.png, id=230, 654.445pt x 638.385pt>
File: LabMomentum/pic/Helmholtz_coils_field.png Graphic file (type png)
<use LabMomentum/pic/Helmholtz_coils_field.png>
Package luatex.def Info: LabMomentum/pic/Helmholtz_coils_field.png  used on inp
ut line 110.
(luatex.def)             Requested size: 174.13034pt x 169.85307pt.
 [13<./LabMomentum/pic/Helmholtz_coils.png><./LabMomentum/pic/Helmholtz_coils_fi
eld.png>]
<LabMomentum/pic/Experimental_installation.png, id=253, 250.7769pt x 179.2296pt
>
File: LabMomentum/pic/Experimental_installation.png Graphic file (type png)
<use LabMomentum/pic/Experimental_installation.png>
Package luatex.def Info: LabMomentum/pic/Experimental_installation.png  used on
 input line 186.
(luatex.def)             Requested size: 214.24991pt x 153.12802pt.
<LabMomentum/pic/Power_supply.png, id=254, 1050.92625pt x 749.80125pt>
File: LabMomentum/pic/Power_supply.png Graphic file (type png)
<use LabMomentum/pic/Power_supply.png>
Package luatex.def Info: LabMomentum/pic/Power_supply.png  used on input line 1
94.
(luatex.def)             Requested size: 214.24991pt x 152.85217pt.


LaTeX Warning: `!h' float specifier changed to `!ht'.


LaTeX Warning: `!h' float specifier changed to `!ht'.

[14] [15<./LabMomentum/pic/Experimental_installation.png><./LabMomentum/pic/Powe
r_supply.png>] [16]) [17] [18

]

enddocument/afterlastpage: lastpage setting LastPage.
(./LabWork.aux)
 ***********
LaTeX2e <2023-06-01> patch level 1
L3 programming layer <2023-10-10>
 ***********
Package logreq Info: Writing requests to 'LabWork.run.xml'.

\openout1 = LabWork.run.xml
)

Here is how much of LuaTeX's memory you used:
 61771 strings out of 476835
 195579,2848258 words of node,token memory allocated
 1985 words of node memory still in use:
   31 hlist, 2 vlist, 14 rule, 1 local_par, 11 glue, 4 kern, 1 penalty, 3 glyph,
 263 attribute, 95 glue_spec, 109 attribute_list, 2 write, 48 pdf_literal nodes
   avail lists: 1:13,2:22195,3:5102,4:52,5:239,6:53,7:11718,8:42,9:757,10:31,11:
988
 81696 multiletter control sequences out of 65536+600000
 107 fonts using 23662751 bytes
 118i,12n,115p,2739b,3367s stack positions out of 10000i,1000n,20000p,200000b,200000s
<d:/Programs/LaTeX/TeXLive/2023/texmf-dist/fonts/opentype/public/cm-unicode/cmun
tt.otf><d:/Programs/LaTeX/TeXLive/2023/texmf-dist/fonts/opentype/public/stix/STI
X-Italic.otf><d:/Programs/LaTeX/TeXLive/2023/texmf-dist/fonts/opentype/public/st
ix/STIX-Regular.otf><d:/Programs/LaTeX/TeXLive/2023/texmf-dist/fonts/opentype/pu
blic/stix/STIX-Bold.otf><d:/Programs/LaTeX/TeXLive/2023/texmf-dist/fonts/opentyp
e/public/cm-unicode/cmunsx.otf><d:/Programs/LaTeX/TeXLive/2023/texmf-dist/fonts/
type1/public/amsfonts/cm/cmex10.pfb><d:/Programs/LaTeX/TeXLive/2023/texmf-dist/f
onts/type1/public/amsfonts/cm/cmmi10.pfb><d:/Programs/LaTeX/TeXLive/2023/texmf-d
ist/fonts/type1/public/amsfonts/cm/cmmi12.pfb><d:/Programs/LaTeX/TeXLive/2023/te
xmf-dist/fonts/type1/public/amsfonts/cm/cmr10.pfb><d:/Programs/LaTeX/TeXLive/202
3/texmf-dist/fonts/type1/public/amsfonts/cm/cmr12.pfb><d:/Programs/LaTeX/TeXLive
/2023/texmf-dist/fonts/type1/public/amsfonts/cm/cmr7.pfb><d:/Programs/LaTeX/TeXL
ive/2023/texmf-dist/fonts/type1/public/amsfonts/cm/cmr8.pfb><d:/Programs/LaTeX/T
eXLive/2023/texmf-dist/fonts/type1/public/amsfonts/cm/cmsy10.pfb><d:/Programs/La
TeX/TeXLive/2023/texmf-dist/fonts/type1/public/amsfonts/cm/cmsy8.pfb><d:/Program
s/LaTeX/TeXLive/2023/texmf-dist/fonts/type1/public/esint-type1/esint10.pfb>
Output written on LabWork.pdf (19 pages, 4418768 bytes).

PDF statistics: 391 PDF objects out of 1000 (max. 8388607)
 300 compressed objects within 3 object streams
 116 named destinations out of 1000 (max. 131072)
 292 words of extra memory for PDF output out of 10000 (max. 100000000)

