

*******************************************************************************
Mon Oct 09 17:25:14 2023


FIT:    data read from "QF.dat"u ($1**2):2
        format = x:z
        #datapoints = 5
        residuals are weighted equally (unit weight)

function used for fitting: f(x)
	f(x) = A*x**(1 + s/2) + B
fitted parameters initialized with current variable values

iter      chisq       delta/lim  lambda   A             B            
   0 2.2782541197e-07   0.00e+00  2.35e-04    1.000000e+12   1.000000e-06
   6 4.7494396814e-10  -1.01e-06  2.35e-10    1.659523e+12  -6.210757e-06

After 6 iterations the fit converged.
final sum of squares of residuals : 4.74944e-10
rel. change during last iteration : -1.01357e-11

degrees of freedom    (FIT_NDF)                        : 3
rms of residuals      (FIT_STDFIT) = sqrt(WSSR/ndf)    : 1.25823e-05
variance of residuals (reduced chisquare) = WSSR/ndf   : 1.58315e-10

Final set of parameters            Asymptotic Standard Error
=======================            ==========================
A               = 1.65952e+12      +/- 2.863e+10    (1.725%)
B               = -6.21076e-06     +/- 9.508e-06    (153.1%)

correlation matrix of the fit parameters:
                A      B      
A               1.000 
B              -0.806  1.000 


*******************************************************************************
Mon Oct 09 17:25:14 2023


FIT:    data read from "QF.dat"u ($3**2):4
        format = x:z
        #datapoints = 5
        residuals are weighted equally (unit weight)

function used for fitting: f(x)
	f(x) = A*x**(1 + s/2) + B
fitted parameters initialized with current variable values

iter      chisq       delta/lim  lambda   A             B            
   0 1.6376147702e-07   0.00e+00  3.21e-04    1.659523e+12  -6.210757e-06
   5 7.6616566798e-11  -3.68e-02  3.21e-09    9.340530e+11   1.605381e-05

After 5 iterations the fit converged.
final sum of squares of residuals : 7.66166e-11
rel. change during last iteration : -3.68162e-07

degrees of freedom    (FIT_NDF)                        : 3
rms of residuals      (FIT_STDFIT) = sqrt(WSSR/ndf)    : 5.0536e-06
variance of residuals (reduced chisquare) = WSSR/ndf   : 2.55389e-11

Final set of parameters            Asymptotic Standard Error
=======================            ==========================
A               = 9.34053e+11      +/- 1.376e+10    (1.473%)
B               = 1.60538e-05      +/- 3.759e-06    (23.42%)

correlation matrix of the fit parameters:
                A      B      
A               1.000 
B              -0.799  1.000 


*******************************************************************************
Mon Oct 09 17:25:14 2023


FIT:    data read from "QF.dat"u ($5**2):6
        format = x:z
        #datapoints = 5
        residuals are weighted equally (unit weight)

function used for fitting: f(x)
	f(x) = A*x**(1 + s/2) + B
fitted parameters initialized with current variable values

iter      chisq       delta/lim  lambda   A             B            
   0 3.5678282925e-08   0.00e+00  1.87e-04    9.340530e+11   1.605381e-05
   3 7.7576977292e-10  -3.77e-02  1.87e-07    6.390047e+11   1.582057e-05

After 3 iterations the fit converged.
final sum of squares of residuals : 7.7577e-10
rel. change during last iteration : -3.77358e-07

degrees of freedom    (FIT_NDF)                        : 3
rms of residuals      (FIT_STDFIT) = sqrt(WSSR/ndf)    : 1.60807e-05
variance of residuals (reduced chisquare) = WSSR/ndf   : 2.5859e-10

Final set of parameters            Asymptotic Standard Error
=======================            ==========================
A               = 6.39005e+11      +/- 3.954e+10    (6.187%)
B               = 1.58206e-05      +/- 1.117e-05    (70.62%)

correlation matrix of the fit parameters:
                A      B      
A               1.000 
B              -0.765  1.000 


*******************************************************************************
Mon Oct 09 17:25:14 2023


FIT:    data read from "QF.dat"u ($7**2):8
        format = x:z
        #datapoints = 5
        residuals are weighted equally (unit weight)

function used for fitting: f(x)
	f(x) = A*x**(1 + s/2) + B
fitted parameters initialized with current variable values

iter      chisq       delta/lim  lambda   A             B            
   0 5.0495628791e-09   0.00e+00  1.12e-04    6.390047e+11   1.582057e-05
   4 7.4383568289e-10  -1.24e-02  1.12e-08    4.822022e+11   2.899191e-05

After 4 iterations the fit converged.
final sum of squares of residuals : 7.43836e-10
rel. change during last iteration : -1.24436e-07

degrees of freedom    (FIT_NDF)                        : 3
rms of residuals      (FIT_STDFIT) = sqrt(WSSR/ndf)    : 1.57463e-05
variance of residuals (reduced chisquare) = WSSR/ndf   : 2.47945e-10

Final set of parameters            Asymptotic Standard Error
=======================            ==========================
A               = 4.82202e+11      +/- 4.626e+10    (9.594%)
B               = 2.89919e-05      +/- 1.137e-05    (39.21%)

correlation matrix of the fit parameters:
                A      B      
A               1.000 
B              -0.785  1.000 


*******************************************************************************
Mon Oct 09 17:25:14 2023


FIT:    data read from "QF.dat"u ($9**2):10
        format = x:z
        #datapoints = 3
        residuals are weighted equally (unit weight)

function used for fitting: f(x)
	f(x) = A*x**(1 + s/2) + B
fitted parameters initialized with current variable values

iter      chisq       delta/lim  lambda   A             B            
   0 9.0867200847e-09   0.00e+00  1.06e-04    4.822022e+11   2.899191e-05
   4 3.0525016147e-11  -6.10e-04  1.06e-08    3.106036e+11   2.617382e-05

After 4 iterations the fit converged.
final sum of squares of residuals : 3.0525e-11
rel. change during last iteration : -6.09521e-09

degrees of freedom    (FIT_NDF)                        : 1
rms of residuals      (FIT_STDFIT) = sqrt(WSSR/ndf)    : 5.52494e-06
variance of residuals (reduced chisquare) = WSSR/ndf   : 3.0525e-11

Final set of parameters            Asymptotic Standard Error
=======================            ==========================
A               = 3.10604e+11      +/- 2.73e+10     (8.791%)
B               = 2.61738e-05      +/- 8.326e-06    (31.81%)

correlation matrix of the fit parameters:
                A      B      
A               1.000 
B              -0.924  1.000 


*******************************************************************************
Mon Oct 09 17:25:16 2023


FIT:    data read from "A.dat"u (1/$1**2):2
        format = x:z
        #datapoints = 5
        residuals are weighted equally (unit weight)

function used for fitting: f(x)
	f(x) = k/4*x**(1+e/2) + C
fitted parameters initialized with current variable values

iter      chisq       delta/lim  lambda   k             C            
   0 2.7724932297e+24   0.00e+00  2.08e+11    2.800000e+09  -1.000000e+11
   4 6.1088304532e+21  -5.21e-05  2.08e+07    1.051837e+10  -1.230054e+11

After 4 iterations the fit converged.
final sum of squares of residuals : 6.10883e+21
rel. change during last iteration : -5.21419e-10

degrees of freedom    (FIT_NDF)                        : 3
rms of residuals      (FIT_STDFIT) = sqrt(WSSR/ndf)    : 4.51251e+10
variance of residuals (reduced chisquare) = WSSR/ndf   : 2.03628e+21

Final set of parameters            Asymptotic Standard Error
=======================            ==========================
k               = 1.05184e+10      +/- 4.491e+08    (4.27%)
C               = -1.23005e+11     +/- 4.447e+10    (36.15%)

correlation matrix of the fit parameters:
                k      C      
k               1.000 
C              -0.891  1.000 


*******************************************************************************
Mon Oct 09 17:25:27 2023


FIT:    data read from "QF.dat"u ($1**2):2
        format = x:z
        #datapoints = 5
        residuals are weighted equally (unit weight)

function used for fitting: f(x)
	f(x) = A*x**(1 + s/2) + B
fitted parameters initialized with current variable values

iter      chisq       delta/lim  lambda   A             B            
   0 2.2782541197e-07   0.00e+00  2.35e-04    1.000000e+12   1.000000e-06
   6 4.7494396814e-10  -1.01e-06  2.35e-10    1.659523e+12  -6.210757e-06

After 6 iterations the fit converged.
final sum of squares of residuals : 4.74944e-10
rel. change during last iteration : -1.01357e-11

degrees of freedom    (FIT_NDF)                        : 3
rms of residuals      (FIT_STDFIT) = sqrt(WSSR/ndf)    : 1.25823e-05
variance of residuals (reduced chisquare) = WSSR/ndf   : 1.58315e-10

Final set of parameters            Asymptotic Standard Error
=======================            ==========================
A               = 1.65952e+12      +/- 2.863e+10    (1.725%)
B               = -6.21076e-06     +/- 9.508e-06    (153.1%)

correlation matrix of the fit parameters:
                A      B      
A               1.000 
B              -0.806  1.000 


*******************************************************************************
Mon Oct 09 17:25:27 2023


FIT:    data read from "QF.dat"u ($3**2):4
        format = x:z
        #datapoints = 5
        residuals are weighted equally (unit weight)

function used for fitting: f(x)
	f(x) = A*x**(1 + s/2) + B
fitted parameters initialized with current variable values

iter      chisq       delta/lim  lambda   A             B            
   0 1.6376147702e-07   0.00e+00  3.21e-04    1.659523e+12  -6.210757e-06
   5 7.6616566798e-11  -3.68e-02  3.21e-09    9.340530e+11   1.605381e-05

After 5 iterations the fit converged.
final sum of squares of residuals : 7.66166e-11
rel. change during last iteration : -3.68162e-07

degrees of freedom    (FIT_NDF)                        : 3
rms of residuals      (FIT_STDFIT) = sqrt(WSSR/ndf)    : 5.0536e-06
variance of residuals (reduced chisquare) = WSSR/ndf   : 2.55389e-11

Final set of parameters            Asymptotic Standard Error
=======================            ==========================
A               = 9.34053e+11      +/- 1.376e+10    (1.473%)
B               = 1.60538e-05      +/- 3.759e-06    (23.42%)

correlation matrix of the fit parameters:
                A      B      
A               1.000 
B              -0.799  1.000 


*******************************************************************************
Mon Oct 09 17:25:27 2023


FIT:    data read from "QF.dat"u ($5**2):6
        format = x:z
        #datapoints = 5
        residuals are weighted equally (unit weight)

function used for fitting: f(x)
	f(x) = A*x**(1 + s/2) + B
fitted parameters initialized with current variable values

iter      chisq       delta/lim  lambda   A             B            
   0 3.5678282925e-08   0.00e+00  1.87e-04    9.340530e+11   1.605381e-05
   3 7.7576977292e-10  -3.77e-02  1.87e-07    6.390047e+11   1.582057e-05

After 3 iterations the fit converged.
final sum of squares of residuals : 7.7577e-10
rel. change during last iteration : -3.77358e-07

degrees of freedom    (FIT_NDF)                        : 3
rms of residuals      (FIT_STDFIT) = sqrt(WSSR/ndf)    : 1.60807e-05
variance of residuals (reduced chisquare) = WSSR/ndf   : 2.5859e-10

Final set of parameters            Asymptotic Standard Error
=======================            ==========================
A               = 6.39005e+11      +/- 3.954e+10    (6.187%)
B               = 1.58206e-05      +/- 1.117e-05    (70.62%)

correlation matrix of the fit parameters:
                A      B      
A               1.000 
B              -0.765  1.000 


*******************************************************************************
Mon Oct 09 17:25:27 2023


FIT:    data read from "QF.dat"u ($7**2):8
        format = x:z
        #datapoints = 5
        residuals are weighted equally (unit weight)

function used for fitting: f(x)
	f(x) = A*x**(1 + s/2) + B
fitted parameters initialized with current variable values

iter      chisq       delta/lim  lambda   A             B            
   0 5.0495628791e-09   0.00e+00  1.12e-04    6.390047e+11   1.582057e-05
   4 7.4383568289e-10  -1.24e-02  1.12e-08    4.822022e+11   2.899191e-05

After 4 iterations the fit converged.
final sum of squares of residuals : 7.43836e-10
rel. change during last iteration : -1.24436e-07

degrees of freedom    (FIT_NDF)                        : 3
rms of residuals      (FIT_STDFIT) = sqrt(WSSR/ndf)    : 1.57463e-05
variance of residuals (reduced chisquare) = WSSR/ndf   : 2.47945e-10

Final set of parameters            Asymptotic Standard Error
=======================            ==========================
A               = 4.82202e+11      +/- 4.626e+10    (9.594%)
B               = 2.89919e-05      +/- 1.137e-05    (39.21%)

correlation matrix of the fit parameters:
                A      B      
A               1.000 
B              -0.785  1.000 


*******************************************************************************
Mon Oct 09 17:25:27 2023


FIT:    data read from "QF.dat"u ($9**2):10
        format = x:z
        #datapoints = 3
        residuals are weighted equally (unit weight)

function used for fitting: f(x)
	f(x) = A*x**(1 + s/2) + B
fitted parameters initialized with current variable values

iter      chisq       delta/lim  lambda   A             B            
   0 9.0867200847e-09   0.00e+00  1.06e-04    4.822022e+11   2.899191e-05
   4 3.0525016147e-11  -6.10e-04  1.06e-08    3.106036e+11   2.617382e-05

After 4 iterations the fit converged.
final sum of squares of residuals : 3.0525e-11
rel. change during last iteration : -6.09521e-09

degrees of freedom    (FIT_NDF)                        : 1
rms of residuals      (FIT_STDFIT) = sqrt(WSSR/ndf)    : 5.52494e-06
variance of residuals (reduced chisquare) = WSSR/ndf   : 3.0525e-11

Final set of parameters            Asymptotic Standard Error
=======================            ==========================
A               = 3.10604e+11      +/- 2.73e+10     (8.791%)
B               = 2.61738e-05      +/- 8.326e-06    (31.81%)

correlation matrix of the fit parameters:
                A      B      
A               1.000 
B              -0.924  1.000 


*******************************************************************************
Mon Oct 09 17:25:31 2023


FIT:    data read from "A.dat"u (1/$1**2):2
        format = x:z
        #datapoints = 5
        residuals are weighted equally (unit weight)

function used for fitting: f(x)
	f(x) = k/4*x**(1+e/2) + C
fitted parameters initialized with current variable values

iter      chisq       delta/lim  lambda   k             C            
   0 2.7724932297e+24   0.00e+00  2.08e+11    2.800000e+09  -1.000000e+11
   4 6.1088304532e+21  -5.21e-05  2.08e+07    1.051837e+10  -1.230054e+11

After 4 iterations the fit converged.
final sum of squares of residuals : 6.10883e+21
rel. change during last iteration : -5.21419e-10

degrees of freedom    (FIT_NDF)                        : 3
rms of residuals      (FIT_STDFIT) = sqrt(WSSR/ndf)    : 4.51251e+10
variance of residuals (reduced chisquare) = WSSR/ndf   : 2.03628e+21

Final set of parameters            Asymptotic Standard Error
=======================            ==========================
k               = 1.05184e+10      +/- 4.491e+08    (4.27%)
C               = -1.23005e+11     +/- 4.447e+10    (36.15%)

correlation matrix of the fit parameters:
                k      C      
k               1.000 
C              -0.891  1.000 
